{"C:\\Desktop\\Software_Project\\server\\middleware\\auth.js": {"path":"C:\\Desktop\\Software_Project\\server\\middleware\\auth.js","statementMap":{"0":{"start":{"line":1,"column":12},"end":{"line":1,"column":35}},"1":{"start":{"line":2,"column":25},"end":{"line":2,"column":45}},"2":{"start":{"line":5,"column":21},"end":{"line":30,"column":1}},"3":{"start":{"line":6,"column":2},"end":{"line":29,"column":3}},"4":{"start":{"line":7,"column":18},"end":{"line":7,"column":69}},"5":{"start":{"line":9,"column":4},"end":{"line":11,"column":5}},"6":{"start":{"line":10,"column":6},"end":{"line":10,"column":82}},"7":{"start":{"line":13,"column":20},"end":{"line":13,"column":82}},"8":{"start":{"line":14,"column":17},"end":{"line":16,"column":6}},"9":{"start":{"line":18,"column":4},"end":{"line":20,"column":5}},"10":{"start":{"line":19,"column":6},"end":{"line":19,"column":80}},"11":{"start":{"line":23,"column":4},"end":{"line":23,"column":29}},"12":{"start":{"line":24,"column":4},"end":{"line":24,"column":58}},"13":{"start":{"line":25,"column":4},"end":{"line":25,"column":11}},"14":{"start":{"line":27,"column":4},"end":{"line":27,"column":51}},"15":{"start":{"line":28,"column":4},"end":{"line":28,"column":54}},"16":{"start":{"line":33,"column":18},"end":{"line":45,"column":1}},"17":{"start":{"line":34,"column":2},"end":{"line":44,"column":4}},"18":{"start":{"line":35,"column":4},"end":{"line":37,"column":5}},"19":{"start":{"line":36,"column":6},"end":{"line":36,"column":87}},"20":{"start":{"line":39,"column":4},"end":{"line":41,"column":5}},"21":{"start":{"line":40,"column":6},"end":{"line":40,"column":89}},"22":{"start":{"line":43,"column":4},"end":{"line":43,"column":11}},"23":{"start":{"line":48,"column":26},"end":{"line":60,"column":1}},"24":{"start":{"line":49,"column":2},"end":{"line":59,"column":4}},"25":{"start":{"line":50,"column":4},"end":{"line":52,"column":5}},"26":{"start":{"line":51,"column":6},"end":{"line":51,"column":87}},"27":{"start":{"line":54,"column":4},"end":{"line":56,"column":5}},"28":{"start":{"line":55,"column":6},"end":{"line":55,"column":98}},"29":{"start":{"line":58,"column":4},"end":{"line":58,"column":11}},"30":{"start":{"line":63,"column":28},"end":{"line":86,"column":1}},"31":{"start":{"line":64,"column":2},"end":{"line":85,"column":3}},"32":{"start":{"line":66,"column":4},"end":{"line":68,"column":5}},"33":{"start":{"line":67,"column":6},"end":{"line":67,"column":20}},"34":{"start":{"line":70,"column":21},"end":{"line":70,"column":83}},"35":{"start":{"line":72,"column":4},"end":{"line":74,"column":5}},"36":{"start":{"line":73,"column":6},"end":{"line":73,"column":71}},"37":{"start":{"line":77,"column":4},"end":{"line":79,"column":5}},"38":{"start":{"line":78,"column":6},"end":{"line":78,"column":100}},"39":{"start":{"line":81,"column":4},"end":{"line":81,"column":11}},"40":{"start":{"line":83,"column":4},"end":{"line":83,"column":60}},"41":{"start":{"line":84,"column":4},"end":{"line":84,"column":62}},"42":{"start":{"line":89,"column":17},"end":{"line":126,"column":1}},"43":{"start":{"line":90,"column":2},"end":{"line":125,"column":4}},"44":{"start":{"line":91,"column":25},"end":{"line":91,"column":33}},"45":{"start":{"line":93,"column":4},"end":{"line":122,"column":6}},"46":{"start":{"line":95,"column":6},"end":{"line":119,"column":9}},"47":{"start":{"line":96,"column":8},"end":{"line":118,"column":9}},"48":{"start":{"line":97,"column":27},"end":{"line":109,"column":11}},"49":{"start":{"line":112,"column":10},"end":{"line":112,"column":71}},"50":{"start":{"line":117,"column":10},"end":{"line":117,"column":55}},"51":{"start":{"line":121,"column":6},"end":{"line":121,"column":36}},"52":{"start":{"line":124,"column":4},"end":{"line":124,"column":11}},"53":{"start":{"line":129,"column":24},"end":{"line":139,"column":1}},"54":{"start":{"line":130,"column":20},"end":{"line":130,"column":49}},"55":{"start":{"line":132,"column":2},"end":{"line":138,"column":5}},"56":{"start":{"line":142,"column":33},"end":{"line":171,"column":1}},"57":{"start":{"line":143,"column":20},"end":{"line":143,"column":21}},"58":{"start":{"line":144,"column":23},"end":{"line":144,"column":45}},"59":{"start":{"line":145,"column":23},"end":{"line":145,"column":45}},"60":{"start":{"line":146,"column":21},"end":{"line":146,"column":40}},"61":{"start":{"line":147,"column":25},"end":{"line":147,"column":64}},"62":{"start":{"line":149,"column":17},"end":{"line":149,"column":19}},"63":{"start":{"line":151,"column":2},"end":{"line":153,"column":3}},"64":{"start":{"line":152,"column":4},"end":{"line":152,"column":75}},"65":{"start":{"line":154,"column":2},"end":{"line":156,"column":3}},"66":{"start":{"line":155,"column":4},"end":{"line":155,"column":72}},"67":{"start":{"line":157,"column":2},"end":{"line":159,"column":3}},"68":{"start":{"line":158,"column":4},"end":{"line":158,"column":72}},"69":{"start":{"line":160,"column":2},"end":{"line":162,"column":3}},"70":{"start":{"line":161,"column":4},"end":{"line":161,"column":62}},"71":{"start":{"line":163,"column":2},"end":{"line":165,"column":3}},"72":{"start":{"line":164,"column":4},"end":{"line":164,"column":73}},"73":{"start":{"line":167,"column":2},"end":{"line":170,"column":4}},"74":{"start":{"line":174,"column":24},"end":{"line":180,"column":1}},"75":{"start":{"line":175,"column":2},"end":{"line":179,"column":3}},"76":{"start":{"line":176,"column":4},"end":{"line":176,"column":76}},"77":{"start":{"line":178,"column":4},"end":{"line":178,"column":55}},"78":{"start":{"line":183,"column":22},"end":{"line":189,"column":1}},"79":{"start":{"line":184,"column":2},"end":{"line":188,"column":4}},"80":{"start":{"line":192,"column":21},"end":{"line":223,"column":1}},"81":{"start":{"line":193,"column":2},"end":{"line":222,"column":3}},"82":{"start":{"line":194,"column":29},"end":{"line":194,"column":37}},"83":{"start":{"line":196,"column":4},"end":{"line":198,"column":5}},"84":{"start":{"line":197,"column":6},"end":{"line":197,"column":72}},"85":{"start":{"line":200,"column":20},"end":{"line":200,"column":101}},"86":{"start":{"line":201,"column":17},"end":{"line":201,"column":52}},"87":{"start":{"line":203,"column":4},"end":{"line":205,"column":5}},"88":{"start":{"line":204,"column":6},"end":{"line":204,"column":71}},"89":{"start":{"line":207,"column":21},"end":{"line":207,"column":43}},"90":{"start":{"line":209,"column":4},"end":{"line":218,"column":7}},"91":{"start":{"line":220,"column":4},"end":{"line":220,"column":49}},"92":{"start":{"line":221,"column":4},"end":{"line":221,"column":62}},"93":{"start":{"line":225,"column":0},"end":{"line":236,"column":2}}},"fnMap":{"0":{"name":"(anonymous_0)","decl":{"start":{"line":5,"column":21},"end":{"line":5,"column":22}},"loc":{"start":{"line":5,"column":47},"end":{"line":30,"column":1}},"line":5},"1":{"name":"(anonymous_1)","decl":{"start":{"line":33,"column":18},"end":{"line":33,"column":19}},"loc":{"start":{"line":33,"column":32},"end":{"line":45,"column":1}},"line":33},"2":{"name":"(anonymous_2)","decl":{"start":{"line":34,"column":9},"end":{"line":34,"column":10}},"loc":{"start":{"line":34,"column":29},"end":{"line":44,"column":3}},"line":34},"3":{"name":"(anonymous_3)","decl":{"start":{"line":48,"column":26},"end":{"line":48,"column":27}},"loc":{"start":{"line":48,"column":42},"end":{"line":60,"column":1}},"line":48},"4":{"name":"(anonymous_4)","decl":{"start":{"line":49,"column":9},"end":{"line":49,"column":10}},"loc":{"start":{"line":49,"column":29},"end":{"line":59,"column":3}},"line":49},"5":{"name":"(anonymous_5)","decl":{"start":{"line":63,"column":28},"end":{"line":63,"column":29}},"loc":{"start":{"line":63,"column":54},"end":{"line":86,"column":1}},"line":63},"6":{"name":"(anonymous_6)","decl":{"start":{"line":89,"column":17},"end":{"line":89,"column":18}},"loc":{"start":{"line":89,"column":29},"end":{"line":126,"column":1}},"line":89},"7":{"name":"(anonymous_7)","decl":{"start":{"line":90,"column":9},"end":{"line":90,"column":10}},"loc":{"start":{"line":90,"column":35},"end":{"line":125,"column":3}},"line":90},"8":{"name":"(anonymous_8)","decl":{"start":{"line":93,"column":15},"end":{"line":93,"column":16}},"loc":{"start":{"line":93,"column":30},"end":{"line":122,"column":5}},"line":93},"9":{"name":"(anonymous_9)","decl":{"start":{"line":95,"column":19},"end":{"line":95,"column":20}},"loc":{"start":{"line":95,"column":31},"end":{"line":119,"column":7}},"line":95},"10":{"name":"(anonymous_10)","decl":{"start":{"line":129,"column":24},"end":{"line":129,"column":25}},"loc":{"start":{"line":129,"column":52},"end":{"line":139,"column":1}},"line":129},"11":{"name":"(anonymous_11)","decl":{"start":{"line":142,"column":33},"end":{"line":142,"column":34}},"loc":{"start":{"line":142,"column":47},"end":{"line":171,"column":1}},"line":142},"12":{"name":"(anonymous_12)","decl":{"start":{"line":174,"column":24},"end":{"line":174,"column":25}},"loc":{"start":{"line":174,"column":42},"end":{"line":180,"column":1}},"line":174},"13":{"name":"(anonymous_13)","decl":{"start":{"line":183,"column":22},"end":{"line":183,"column":23}},"loc":{"start":{"line":183,"column":34},"end":{"line":189,"column":1}},"line":183},"14":{"name":"(anonymous_14)","decl":{"start":{"line":192,"column":21},"end":{"line":192,"column":22}},"loc":{"start":{"line":192,"column":41},"end":{"line":223,"column":1}},"line":192}},"branchMap":{"0":{"loc":{"start":{"line":9,"column":4},"end":{"line":11,"column":5}},"type":"if","locations":[{"start":{"line":9,"column":4},"end":{"line":11,"column":5}},{"start":{},"end":{}}],"line":9},"1":{"loc":{"start":{"line":13,"column":38},"end":{"line":13,"column":81}},"type":"binary-expr","locations":[{"start":{"line":13,"column":38},"end":{"line":13,"column":60}},{"start":{"line":13,"column":64},"end":{"line":13,"column":81}}],"line":13},"2":{"loc":{"start":{"line":18,"column":4},"end":{"line":20,"column":5}},"type":"if","locations":[{"start":{"line":18,"column":4},"end":{"line":20,"column":5}},{"start":{},"end":{}}],"line":18},"3":{"loc":{"start":{"line":18,"column":8},"end":{"line":18,"column":31}},"type":"binary-expr","locations":[{"start":{"line":18,"column":8},"end":{"line":18,"column":13}},{"start":{"line":18,"column":17},"end":{"line":18,"column":31}}],"line":18},"4":{"loc":{"start":{"line":35,"column":4},"end":{"line":37,"column":5}},"type":"if","locations":[{"start":{"line":35,"column":4},"end":{"line":37,"column":5}},{"start":{},"end":{}}],"line":35},"5":{"loc":{"start":{"line":39,"column":4},"end":{"line":41,"column":5}},"type":"if","locations":[{"start":{"line":39,"column":4},"end":{"line":41,"column":5}},{"start":{},"end":{}}],"line":39},"6":{"loc":{"start":{"line":39,"column":8},"end":{"line":39,"column":74}},"type":"binary-expr","locations":[{"start":{"line":39,"column":8},"end":{"line":39,"column":38}},{"start":{"line":39,"column":42},"end":{"line":39,"column":74}}],"line":39},"7":{"loc":{"start":{"line":50,"column":4},"end":{"line":52,"column":5}},"type":"if","locations":[{"start":{"line":50,"column":4},"end":{"line":52,"column":5}},{"start":{},"end":{}}],"line":50},"8":{"loc":{"start":{"line":54,"column":4},"end":{"line":56,"column":5}},"type":"if","locations":[{"start":{"line":54,"column":4},"end":{"line":56,"column":5}},{"start":{},"end":{}}],"line":54},"9":{"loc":{"start":{"line":66,"column":4},"end":{"line":68,"column":5}},"type":"if","locations":[{"start":{"line":66,"column":4},"end":{"line":68,"column":5}},{"start":{},"end":{}}],"line":66},"10":{"loc":{"start":{"line":70,"column":21},"end":{"line":70,"column":83}},"type":"binary-expr","locations":[{"start":{"line":70,"column":21},"end":{"line":70,"column":40}},{"start":{"line":70,"column":44},"end":{"line":70,"column":61}},{"start":{"line":70,"column":65},"end":{"line":70,"column":83}}],"line":70},"11":{"loc":{"start":{"line":72,"column":4},"end":{"line":74,"column":5}},"type":"if","locations":[{"start":{"line":72,"column":4},"end":{"line":74,"column":5}},{"start":{},"end":{}}],"line":72},"12":{"loc":{"start":{"line":77,"column":4},"end":{"line":79,"column":5}},"type":"if","locations":[{"start":{"line":77,"column":4},"end":{"line":79,"column":5}},{"start":{},"end":{}}],"line":77},"13":{"loc":{"start":{"line":106,"column":25},"end":{"line":106,"column":68}},"type":"cond-expr","locations":[{"start":{"line":106,"column":48},"end":{"line":106,"column":56}},{"start":{"line":106,"column":59},"end":{"line":106,"column":68}}],"line":106},"14":{"loc":{"start":{"line":151,"column":2},"end":{"line":153,"column":3}},"type":"if","locations":[{"start":{"line":151,"column":2},"end":{"line":153,"column":3}},{"start":{},"end":{}}],"line":151},"15":{"loc":{"start":{"line":154,"column":2},"end":{"line":156,"column":3}},"type":"if","locations":[{"start":{"line":154,"column":2},"end":{"line":156,"column":3}},{"start":{},"end":{}}],"line":154},"16":{"loc":{"start":{"line":157,"column":2},"end":{"line":159,"column":3}},"type":"if","locations":[{"start":{"line":157,"column":2},"end":{"line":159,"column":3}},{"start":{},"end":{}}],"line":157},"17":{"loc":{"start":{"line":160,"column":2},"end":{"line":162,"column":3}},"type":"if","locations":[{"start":{"line":160,"column":2},"end":{"line":162,"column":3}},{"start":{},"end":{}}],"line":160},"18":{"loc":{"start":{"line":163,"column":2},"end":{"line":165,"column":3}},"type":"if","locations":[{"start":{"line":163,"column":2},"end":{"line":165,"column":3}},{"start":{},"end":{}}],"line":163},"19":{"loc":{"start":{"line":186,"column":4},"end":{"line":186,"column":47}},"type":"binary-expr","locations":[{"start":{"line":186,"column":4},"end":{"line":186,"column":26}},{"start":{"line":186,"column":30},"end":{"line":186,"column":47}}],"line":186},"20":{"loc":{"start":{"line":187,"column":17},"end":{"line":187,"column":52}},"type":"binary-expr","locations":[{"start":{"line":187,"column":17},"end":{"line":187,"column":43}},{"start":{"line":187,"column":47},"end":{"line":187,"column":52}}],"line":187},"21":{"loc":{"start":{"line":196,"column":4},"end":{"line":198,"column":5}},"type":"if","locations":[{"start":{"line":196,"column":4},"end":{"line":198,"column":5}},{"start":{},"end":{}}],"line":196},"22":{"loc":{"start":{"line":200,"column":45},"end":{"line":200,"column":100}},"type":"binary-expr","locations":[{"start":{"line":200,"column":45},"end":{"line":200,"column":75}},{"start":{"line":200,"column":79},"end":{"line":200,"column":100}}],"line":200},"23":{"loc":{"start":{"line":203,"column":4},"end":{"line":205,"column":5}},"type":"if","locations":[{"start":{"line":203,"column":4},"end":{"line":205,"column":5}},{"start":{},"end":{}}],"line":203},"24":{"loc":{"start":{"line":203,"column":8},"end":{"line":203,"column":31}},"type":"binary-expr","locations":[{"start":{"line":203,"column":8},"end":{"line":203,"column":13}},{"start":{"line":203,"column":17},"end":{"line":203,"column":31}}],"line":203}},"s":{"0":0,"1":0,"2":0,"3":0,"4":0,"5":0,"6":0,"7":0,"8":0,"9":0,"10":0,"11":0,"12":0,"13":0,"14":0,"15":0,"16":0,"17":0,"18":0,"19":0,"20":0,"21":0,"22":0,"23":0,"24":0,"25":0,"26":0,"27":0,"28":0,"29":0,"30":0,"31":0,"32":0,"33":0,"34":0,"35":0,"36":0,"37":0,"38":0,"39":0,"40":0,"41":0,"42":0,"43":0,"44":0,"45":0,"46":0,"47":0,"48":0,"49":0,"50":0,"51":0,"52":0,"53":0,"54":0,"55":0,"56":0,"57":0,"58":0,"59":0,"60":0,"61":0,"62":0,"63":0,"64":0,"65":0,"66":0,"67":0,"68":0,"69":0,"70":0,"71":0,"72":0,"73":0,"74":0,"75":0,"76":0,"77":0,"78":0,"79":0,"80":0,"81":0,"82":0,"83":0,"84":0,"85":0,"86":0,"87":0,"88":0,"89":0,"90":0,"91":0,"92":0,"93":0},"f":{"0":0,"1":0,"2":0,"3":0,"4":0,"5":0,"6":0,"7":0,"8":0,"9":0,"10":0,"11":0,"12":0,"13":0,"14":0},"b":{"0":[0,0],"1":[0,0],"2":[0,0],"3":[0,0],"4":[0,0],"5":[0,0],"6":[0,0],"7":[0,0],"8":[0,0],"9":[0,0],"10":[0,0,0],"11":[0,0],"12":[0,0],"13":[0,0],"14":[0,0],"15":[0,0],"16":[0,0],"17":[0,0],"18":[0,0],"19":[0,0],"20":[0,0],"21":[0,0],"22":[0,0],"23":[0,0],"24":[0,0]}}
,"C:\\Desktop\\Software_Project\\server\\models\\Appointment.js": {"path":"C:\\Desktop\\Software_Project\\server\\models\\Appointment.js","statementMap":{"0":{"start":{"line":1,"column":33},"end":{"line":1,"column":65}},"1":{"start":{"line":3,"column":20},"end":{"line":156,"column":2}},"2":{"start":{"line":159,"column":0},"end":{"line":164,"column":2}},"3":{"start":{"line":160,"column":27},"end":{"line":160,"column":70}},"4":{"start":{"line":161,"column":18},"end":{"line":161,"column":28}},"5":{"start":{"line":162,"column":2},"end":{"line":162,"column":57}},"6":{"start":{"line":163,"column":2},"end":{"line":163,"column":44}},"7":{"start":{"line":166,"column":0},"end":{"line":179,"column":2}},"8":{"start":{"line":167,"column":13},"end":{"line":167,"column":35}},"9":{"start":{"line":168,"column":19},"end":{"line":177,"column":4}},"10":{"start":{"line":178,"column":2},"end":{"line":178,"column":18}},"11":{"start":{"line":181,"column":0},"end":{"line":181,"column":29}}},"fnMap":{"0":{"name":"(anonymous_0)","decl":{"start":{"line":159,"column":35},"end":{"line":159,"column":36}},"loc":{"start":{"line":159,"column":46},"end":{"line":164,"column":1}},"line":159},"1":{"name":"(anonymous_1)","decl":{"start":{"line":166,"column":38},"end":{"line":166,"column":39}},"loc":{"start":{"line":166,"column":55},"end":{"line":179,"column":1}},"line":166}},"branchMap":{},"s":{"0":0,"1":0,"2":0,"3":0,"4":0,"5":0,"6":0,"7":0,"8":0,"9":0,"10":0,"11":0},"f":{"0":0,"1":0},"b":{}}
,"C:\\Desktop\\Software_Project\\server\\models\\Bill.js": {"path":"C:\\Desktop\\Software_Project\\server\\models\\Bill.js","statementMap":{"0":{"start":{"line":1,"column":33},"end":{"line":1,"column":65}},"1":{"start":{"line":3,"column":13},"end":{"line":130,"column":2}},"2":{"start":{"line":117,"column":6},"end":{"line":127,"column":7}},"3":{"start":{"line":118,"column":21},"end":{"line":118,"column":45}},"4":{"start":{"line":119,"column":22},"end":{"line":119,"column":72}},"5":{"start":{"line":120,"column":22},"end":{"line":125,"column":10}},"6":{"start":{"line":126,"column":8},"end":{"line":126,"column":85}},"7":{"start":{"line":133,"column":0},"end":{"line":173,"column":2}},"8":{"start":{"line":134,"column":17},"end":{"line":134,"column":18}},"9":{"start":{"line":135,"column":16},"end":{"line":135,"column":32}},"10":{"start":{"line":137,"column":2},"end":{"line":158,"column":5}},"11":{"start":{"line":138,"column":20},"end":{"line":138,"column":72}},"12":{"start":{"line":140,"column":4},"end":{"line":146,"column":5}},"13":{"start":{"line":141,"column":6},"end":{"line":145,"column":7}},"14":{"start":{"line":142,"column":8},"end":{"line":142,"column":55}},"15":{"start":{"line":144,"column":8},"end":{"line":144,"column":35}},"16":{"start":{"line":148,"column":4},"end":{"line":154,"column":5}},"17":{"start":{"line":149,"column":6},"end":{"line":153,"column":7}},"18":{"start":{"line":150,"column":8},"end":{"line":150,"column":50}},"19":{"start":{"line":152,"column":8},"end":{"line":152,"column":30}},"20":{"start":{"line":156,"column":4},"end":{"line":156,"column":27}},"21":{"start":{"line":157,"column":4},"end":{"line":157,"column":26}},"22":{"start":{"line":160,"column":2},"end":{"line":160,"column":27}},"23":{"start":{"line":161,"column":2},"end":{"line":161,"column":67}},"24":{"start":{"line":162,"column":2},"end":{"line":162,"column":58}},"25":{"start":{"line":164,"column":2},"end":{"line":168,"column":3}},"26":{"start":{"line":165,"column":4},"end":{"line":165,"column":25}},"27":{"start":{"line":166,"column":9},"end":{"line":168,"column":3}},"28":{"start":{"line":167,"column":4},"end":{"line":167,"column":33}},"29":{"start":{"line":170,"column":2},"end":{"line":172,"column":3}},"30":{"start":{"line":171,"column":4},"end":{"line":171,"column":28}},"31":{"start":{"line":175,"column":0},"end":{"line":175,"column":22}}},"fnMap":{"0":{"name":"(anonymous_0)","decl":{"start":{"line":116,"column":18},"end":{"line":116,"column":19}},"loc":{"start":{"line":116,"column":34},"end":{"line":128,"column":5}},"line":116},"1":{"name":"(anonymous_1)","decl":{"start":{"line":133,"column":33},"end":{"line":133,"column":34}},"loc":{"start":{"line":133,"column":44},"end":{"line":173,"column":1}},"line":133},"2":{"name":"(anonymous_2)","decl":{"start":{"line":137,"column":16},"end":{"line":137,"column":17}},"loc":{"start":{"line":137,"column":24},"end":{"line":158,"column":3}},"line":137}},"branchMap":{"0":{"loc":{"start":{"line":117,"column":6},"end":{"line":127,"column":7}},"type":"if","locations":[{"start":{"line":117,"column":6},"end":{"line":127,"column":7}},{"start":{},"end":{}}],"line":117},"1":{"loc":{"start":{"line":135,"column":16},"end":{"line":135,"column":32}},"type":"binary-expr","locations":[{"start":{"line":135,"column":16},"end":{"line":135,"column":26}},{"start":{"line":135,"column":30},"end":{"line":135,"column":32}}],"line":135},"2":{"loc":{"start":{"line":140,"column":4},"end":{"line":146,"column":5}},"type":"if","locations":[{"start":{"line":140,"column":4},"end":{"line":146,"column":5}},{"start":{},"end":{}}],"line":140},"3":{"loc":{"start":{"line":141,"column":6},"end":{"line":145,"column":7}},"type":"if","locations":[{"start":{"line":141,"column":6},"end":{"line":145,"column":7}},{"start":{"line":143,"column":13},"end":{"line":145,"column":7}}],"line":141},"4":{"loc":{"start":{"line":148,"column":4},"end":{"line":154,"column":5}},"type":"if","locations":[{"start":{"line":148,"column":4},"end":{"line":154,"column":5}},{"start":{},"end":{}}],"line":148},"5":{"loc":{"start":{"line":149,"column":6},"end":{"line":153,"column":7}},"type":"if","locations":[{"start":{"line":149,"column":6},"end":{"line":153,"column":7}},{"start":{"line":151,"column":13},"end":{"line":153,"column":7}}],"line":149},"6":{"loc":{"start":{"line":164,"column":2},"end":{"line":168,"column":3}},"type":"if","locations":[{"start":{"line":164,"column":2},"end":{"line":168,"column":3}},{"start":{"line":166,"column":9},"end":{"line":168,"column":3}}],"line":164},"7":{"loc":{"start":{"line":166,"column":9},"end":{"line":168,"column":3}},"type":"if","locations":[{"start":{"line":166,"column":9},"end":{"line":168,"column":3}},{"start":{},"end":{}}],"line":166},"8":{"loc":{"start":{"line":170,"column":2},"end":{"line":172,"column":3}},"type":"if","locations":[{"start":{"line":170,"column":2},"end":{"line":172,"column":3}},{"start":{},"end":{}}],"line":170},"9":{"loc":{"start":{"line":170,"column":6},"end":{"line":170,"column":83}},"type":"binary-expr","locations":[{"start":{"line":170,"column":6},"end":{"line":170,"column":18}},{"start":{"line":170,"column":22},"end":{"line":170,"column":57}},{"start":{"line":170,"column":61},"end":{"line":170,"column":83}}],"line":170}},"s":{"0":0,"1":0,"2":0,"3":0,"4":0,"5":0,"6":0,"7":0,"8":0,"9":0,"10":0,"11":0,"12":0,"13":0,"14":0,"15":0,"16":0,"17":0,"18":0,"19":0,"20":0,"21":0,"22":0,"23":0,"24":0,"25":0,"26":0,"27":0,"28":0,"29":0,"30":0,"31":0},"f":{"0":0,"1":0,"2":0},"b":{"0":[0,0],"1":[0,0],"2":[0,0],"3":[0,0],"4":[0,0],"5":[0,0],"6":[0,0],"7":[0,0],"8":[0,0],"9":[0,0,0]}}
,"C:\\Desktop\\Software_Project\\server\\models\\Clinic.js": {"path":"C:\\Desktop\\Software_Project\\server\\models\\Clinic.js","statementMap":{"0":{"start":{"line":1,"column":33},"end":{"line":1,"column":65}},"1":{"start":{"line":3,"column":15},"end":{"line":116,"column":2}},"2":{"start":{"line":119,"column":0},"end":{"line":128,"column":2}},"3":{"start":{"line":120,"column":19},"end":{"line":120,"column":97}},"4":{"start":{"line":121,"column":18},"end":{"line":121,"column":45}},"5":{"start":{"line":122,"column":22},"end":{"line":122,"column":50}},"6":{"start":{"line":124,"column":2},"end":{"line":124,"column":55}},"7":{"start":{"line":124,"column":42},"end":{"line":124,"column":55}},"8":{"start":{"line":126,"column":22},"end":{"line":126,"column":57}},"9":{"start":{"line":127,"column":2},"end":{"line":127,"column":77}},"10":{"start":{"line":131,"column":0},"end":{"line":138,"column":2}},"11":{"start":{"line":132,"column":2},"end":{"line":137,"column":5}},"12":{"start":{"line":140,"column":0},"end":{"line":140,"column":24}}},"fnMap":{"0":{"name":"(anonymous_0)","decl":{"start":{"line":119,"column":26},"end":{"line":119,"column":27}},"loc":{"start":{"line":119,"column":58},"end":{"line":128,"column":1}},"line":119},"1":{"name":"(anonymous_1)","decl":{"start":{"line":131,"column":19},"end":{"line":131,"column":20}},"loc":{"start":{"line":131,"column":40},"end":{"line":138,"column":1}},"line":131}},"branchMap":{"0":{"loc":{"start":{"line":119,"column":35},"end":{"line":119,"column":56}},"type":"default-arg","locations":[{"start":{"line":119,"column":46},"end":{"line":119,"column":56}}],"line":119},"1":{"loc":{"start":{"line":124,"column":2},"end":{"line":124,"column":55}},"type":"if","locations":[{"start":{"line":124,"column":2},"end":{"line":124,"column":55}},{"start":{},"end":{}}],"line":124},"2":{"loc":{"start":{"line":124,"column":6},"end":{"line":124,"column":40}},"type":"binary-expr","locations":[{"start":{"line":124,"column":6},"end":{"line":124,"column":18}},{"start":{"line":124,"column":22},"end":{"line":124,"column":40}}],"line":124},"3":{"loc":{"start":{"line":127,"column":9},"end":{"line":127,"column":76}},"type":"binary-expr","locations":[{"start":{"line":127,"column":9},"end":{"line":127,"column":40}},{"start":{"line":127,"column":44},"end":{"line":127,"column":76}}],"line":127}},"s":{"0":0,"1":0,"2":0,"3":0,"4":0,"5":0,"6":0,"7":0,"8":0,"9":0,"10":0,"11":0,"12":0},"f":{"0":0,"1":0},"b":{"0":[0],"1":[0,0],"2":[0,0],"3":[0,0]}}
,"C:\\Desktop\\Software_Project\\server\\models\\InsuranceClaim.js": {"path":"C:\\Desktop\\Software_Project\\server\\models\\InsuranceClaim.js","statementMap":{"0":{"start":{"line":1,"column":33},"end":{"line":1,"column":65}},"1":{"start":{"line":3,"column":23},"end":{"line":183,"column":2}},"2":{"start":{"line":170,"column":6},"end":{"line":180,"column":7}},"3":{"start":{"line":171,"column":21},"end":{"line":171,"column":45}},"4":{"start":{"line":172,"column":22},"end":{"line":172,"column":72}},"5":{"start":{"line":173,"column":22},"end":{"line":178,"column":10}},"6":{"start":{"line":179,"column":8},"end":{"line":179,"column":88}},"7":{"start":{"line":186,"column":0},"end":{"line":201,"column":2}},"8":{"start":{"line":187,"column":20},"end":{"line":187,"column":21}},"9":{"start":{"line":188,"column":22},"end":{"line":188,"column":23}},"10":{"start":{"line":189,"column":20},"end":{"line":189,"column":21}},"11":{"start":{"line":191,"column":19},"end":{"line":191,"column":38}},"12":{"start":{"line":192,"column":2},"end":{"line":196,"column":5}},"13":{"start":{"line":193,"column":4},"end":{"line":193,"column":57}},"14":{"start":{"line":194,"column":4},"end":{"line":194,"column":61}},"15":{"start":{"line":195,"column":4},"end":{"line":195,"column":57}},"16":{"start":{"line":198,"column":2},"end":{"line":198,"column":38}},"17":{"start":{"line":199,"column":2},"end":{"line":199,"column":38}},"18":{"start":{"line":200,"column":2},"end":{"line":200,"column":149}},"19":{"start":{"line":203,"column":0},"end":{"line":213,"column":2}},"20":{"start":{"line":204,"column":19},"end":{"line":204,"column":38}},"21":{"start":{"line":205,"column":2},"end":{"line":211,"column":5}},"22":{"start":{"line":212,"column":2},"end":{"line":212,"column":27}},"23":{"start":{"line":215,"column":0},"end":{"line":224,"column":2}},"24":{"start":{"line":216,"column":20},"end":{"line":216,"column":40}},"25":{"start":{"line":217,"column":2},"end":{"line":222,"column":5}},"26":{"start":{"line":223,"column":2},"end":{"line":223,"column":29}},"27":{"start":{"line":226,"column":0},"end":{"line":232,"column":2}},"28":{"start":{"line":227,"column":14},"end":{"line":227,"column":24}},"29":{"start":{"line":228,"column":20},"end":{"line":228,"column":40}},"30":{"start":{"line":229,"column":2},"end":{"line":231,"column":4}},"31":{"start":{"line":230,"column":4},"end":{"line":230,"column":69}},"32":{"start":{"line":234,"column":0},"end":{"line":234,"column":32}}},"fnMap":{"0":{"name":"(anonymous_0)","decl":{"start":{"line":169,"column":18},"end":{"line":169,"column":19}},"loc":{"start":{"line":169,"column":35},"end":{"line":181,"column":5}},"line":169},"1":{"name":"(anonymous_1)","decl":{"start":{"line":186,"column":43},"end":{"line":186,"column":44}},"loc":{"start":{"line":186,"column":54},"end":{"line":201,"column":1}},"line":186},"2":{"name":"(anonymous_2)","decl":{"start":{"line":192,"column":19},"end":{"line":192,"column":20}},"loc":{"start":{"line":192,"column":30},"end":{"line":196,"column":3}},"line":192},"3":{"name":"(anonymous_3)","decl":{"start":{"line":203,"column":44},"end":{"line":203,"column":45}},"loc":{"start":{"line":203,"column":105},"end":{"line":213,"column":1}},"line":203},"4":{"name":"(anonymous_4)","decl":{"start":{"line":215,"column":39},"end":{"line":215,"column":40}},"loc":{"start":{"line":215,"column":76},"end":{"line":224,"column":1}},"line":215},"5":{"name":"(anonymous_5)","decl":{"start":{"line":226,"column":47},"end":{"line":226,"column":48}},"loc":{"start":{"line":226,"column":58},"end":{"line":232,"column":1}},"line":226},"6":{"name":"(anonymous_6)","decl":{"start":{"line":229,"column":26},"end":{"line":229,"column":27}},"loc":{"start":{"line":230,"column":4},"end":{"line":230,"column":69}},"line":230}},"branchMap":{"0":{"loc":{"start":{"line":170,"column":6},"end":{"line":180,"column":7}},"type":"if","locations":[{"start":{"line":170,"column":6},"end":{"line":180,"column":7}},{"start":{},"end":{}}],"line":170},"1":{"loc":{"start":{"line":191,"column":19},"end":{"line":191,"column":38}},"type":"binary-expr","locations":[{"start":{"line":191,"column":19},"end":{"line":191,"column":32}},{"start":{"line":191,"column":36},"end":{"line":191,"column":38}}],"line":191},"2":{"loc":{"start":{"line":193,"column":19},"end":{"line":193,"column":56}},"type":"binary-expr","locations":[{"start":{"line":193,"column":19},"end":{"line":193,"column":51}},{"start":{"line":193,"column":55},"end":{"line":193,"column":56}}],"line":193},"3":{"loc":{"start":{"line":194,"column":21},"end":{"line":194,"column":60}},"type":"binary-expr","locations":[{"start":{"line":194,"column":21},"end":{"line":194,"column":55}},{"start":{"line":194,"column":59},"end":{"line":194,"column":60}}],"line":194},"4":{"loc":{"start":{"line":195,"column":19},"end":{"line":195,"column":56}},"type":"binary-expr","locations":[{"start":{"line":195,"column":19},"end":{"line":195,"column":51}},{"start":{"line":195,"column":55},"end":{"line":195,"column":56}}],"line":195},"5":{"loc":{"start":{"line":203,"column":87},"end":{"line":203,"column":103}},"type":"default-arg","locations":[{"start":{"line":203,"column":101},"end":{"line":203,"column":103}}],"line":203},"6":{"loc":{"start":{"line":204,"column":19},"end":{"line":204,"column":38}},"type":"binary-expr","locations":[{"start":{"line":204,"column":19},"end":{"line":204,"column":32}},{"start":{"line":204,"column":36},"end":{"line":204,"column":38}}],"line":204},"7":{"loc":{"start":{"line":216,"column":20},"end":{"line":216,"column":40}},"type":"binary-expr","locations":[{"start":{"line":216,"column":20},"end":{"line":216,"column":34}},{"start":{"line":216,"column":38},"end":{"line":216,"column":40}}],"line":216},"8":{"loc":{"start":{"line":228,"column":20},"end":{"line":228,"column":40}},"type":"binary-expr","locations":[{"start":{"line":228,"column":20},"end":{"line":228,"column":34}},{"start":{"line":228,"column":38},"end":{"line":228,"column":40}}],"line":228},"9":{"loc":{"start":{"line":230,"column":4},"end":{"line":230,"column":69}},"type":"binary-expr","locations":[{"start":{"line":230,"column":4},"end":{"line":230,"column":33}},{"start":{"line":230,"column":37},"end":{"line":230,"column":69}}],"line":230}},"s":{"0":0,"1":0,"2":0,"3":0,"4":0,"5":0,"6":0,"7":0,"8":0,"9":0,"10":0,"11":0,"12":0,"13":0,"14":0,"15":0,"16":0,"17":0,"18":0,"19":0,"20":0,"21":0,"22":0,"23":0,"24":0,"25":0,"26":0,"27":0,"28":0,"29":0,"30":0,"31":0,"32":0},"f":{"0":0,"1":0,"2":0,"3":0,"4":0,"5":0,"6":0},"b":{"0":[0,0],"1":[0,0],"2":[0,0],"3":[0,0],"4":[0,0],"5":[0],"6":[0,0],"7":[0,0],"8":[0,0],"9":[0,0]}}
,"C:\\Desktop\\Software_Project\\server\\models\\Patient.js": {"path":"C:\\Desktop\\Software_Project\\server\\models\\Patient.js","statementMap":{"0":{"start":{"line":1,"column":33},"end":{"line":1,"column":65}},"1":{"start":{"line":3,"column":16},"end":{"line":160,"column":2}},"2":{"start":{"line":148,"column":6},"end":{"line":157,"column":7}},"3":{"start":{"line":149,"column":21},"end":{"line":149,"column":45}},"4":{"start":{"line":150,"column":22},"end":{"line":155,"column":10}},"5":{"start":{"line":156,"column":8},"end":{"line":156,"column":77}},"6":{"start":{"line":163,"column":0},"end":{"line":165,"column":2}},"7":{"start":{"line":164,"column":2},"end":{"line":164,"column":46}},"8":{"start":{"line":167,"column":0},"end":{"line":178,"column":2}},"9":{"start":{"line":168,"column":16},"end":{"line":168,"column":26}},"10":{"start":{"line":169,"column":20},"end":{"line":169,"column":46}},"11":{"start":{"line":170,"column":12},"end":{"line":170,"column":57}},"12":{"start":{"line":171,"column":20},"end":{"line":171,"column":59}},"13":{"start":{"line":173,"column":2},"end":{"line":175,"column":3}},"14":{"start":{"line":174,"column":4},"end":{"line":174,"column":10}},"15":{"start":{"line":177,"column":2},"end":{"line":177,"column":13}},"16":{"start":{"line":180,"column":0},"end":{"line":180,"column":25}}},"fnMap":{"0":{"name":"(anonymous_0)","decl":{"start":{"line":147,"column":18},"end":{"line":147,"column":19}},"loc":{"start":{"line":147,"column":37},"end":{"line":158,"column":5}},"line":147},"1":{"name":"(anonymous_1)","decl":{"start":{"line":163,"column":32},"end":{"line":163,"column":33}},"loc":{"start":{"line":163,"column":43},"end":{"line":165,"column":1}},"line":163},"2":{"name":"(anonymous_2)","decl":{"start":{"line":167,"column":27},"end":{"line":167,"column":28}},"loc":{"start":{"line":167,"column":38},"end":{"line":178,"column":1}},"line":167}},"branchMap":{"0":{"loc":{"start":{"line":148,"column":6},"end":{"line":157,"column":7}},"type":"if","locations":[{"start":{"line":148,"column":6},"end":{"line":157,"column":7}},{"start":{},"end":{}}],"line":148},"1":{"loc":{"start":{"line":173,"column":2},"end":{"line":175,"column":3}},"type":"if","locations":[{"start":{"line":173,"column":2},"end":{"line":175,"column":3}},{"start":{},"end":{}}],"line":173},"2":{"loc":{"start":{"line":173,"column":6},"end":{"line":173,"column":81}},"type":"binary-expr","locations":[{"start":{"line":173,"column":6},"end":{"line":173,"column":19}},{"start":{"line":173,"column":24},"end":{"line":173,"column":39}},{"start":{"line":173,"column":43},"end":{"line":173,"column":80}}],"line":173}},"s":{"0":0,"1":0,"2":0,"3":0,"4":0,"5":0,"6":0,"7":0,"8":0,"9":0,"10":0,"11":0,"12":0,"13":0,"14":0,"15":0,"16":0},"f":{"0":0,"1":0,"2":0},"b":{"0":[0,0],"1":[0,0],"2":[0,0,0]}}
,"C:\\Desktop\\Software_Project\\server\\models\\User.js": {"path":"C:\\Desktop\\Software_Project\\server\\models\\User.js","statementMap":{"0":{"start":{"line":1,"column":33},"end":{"line":1,"column":65}},"1":{"start":{"line":2,"column":15},"end":{"line":2,"column":34}},"2":{"start":{"line":4,"column":13},"end":{"line":97,"column":2}},"3":{"start":{"line":85,"column":6},"end":{"line":88,"column":7}},"4":{"start":{"line":86,"column":21},"end":{"line":86,"column":45}},"5":{"start":{"line":87,"column":8},"end":{"line":87,"column":63}},"6":{"start":{"line":91,"column":6},"end":{"line":94,"column":7}},"7":{"start":{"line":92,"column":21},"end":{"line":92,"column":45}},"8":{"start":{"line":93,"column":8},"end":{"line":93,"column":63}},"9":{"start":{"line":100,"column":0},"end":{"line":102,"column":2}},"10":{"start":{"line":101,"column":2},"end":{"line":101,"column":58}},"11":{"start":{"line":104,"column":0},"end":{"line":106,"column":2}},"12":{"start":{"line":105,"column":2},"end":{"line":105,"column":46}},"13":{"start":{"line":108,"column":0},"end":{"line":121,"column":2}},"14":{"start":{"line":109,"column":26},"end":{"line":117,"column":3}},"15":{"start":{"line":119,"column":26},"end":{"line":119,"column":58}},"16":{"start":{"line":120,"column":2},"end":{"line":120,"column":128}},"17":{"start":{"line":124,"column":0},"end":{"line":139,"column":2}},"18":{"start":{"line":125,"column":15},"end":{"line":133,"column":4}},"19":{"start":{"line":135,"column":2},"end":{"line":135,"column":25}},"20":{"start":{"line":135,"column":13},"end":{"line":135,"column":25}},"21":{"start":{"line":137,"column":18},"end":{"line":137,"column":54}},"22":{"start":{"line":138,"column":2},"end":{"line":138,"column":31}},"23":{"start":{"line":141,"column":0},"end":{"line":141,"column":22}}},"fnMap":{"0":{"name":"(anonymous_0)","decl":{"start":{"line":84,"column":18},"end":{"line":84,"column":19}},"loc":{"start":{"line":84,"column":34},"end":{"line":89,"column":5}},"line":84},"1":{"name":"(anonymous_1)","decl":{"start":{"line":90,"column":18},"end":{"line":90,"column":19}},"loc":{"start":{"line":90,"column":34},"end":{"line":95,"column":5}},"line":90},"2":{"name":"(anonymous_2)","decl":{"start":{"line":100,"column":33},"end":{"line":100,"column":34}},"loc":{"start":{"line":100,"column":67},"end":{"line":102,"column":1}},"line":100},"3":{"name":"(anonymous_3)","decl":{"start":{"line":104,"column":32},"end":{"line":104,"column":33}},"loc":{"start":{"line":104,"column":43},"end":{"line":106,"column":1}},"line":104},"4":{"name":"(anonymous_4)","decl":{"start":{"line":108,"column":31},"end":{"line":108,"column":32}},"loc":{"start":{"line":108,"column":52},"end":{"line":121,"column":1}},"line":108},"5":{"name":"(anonymous_5)","decl":{"start":{"line":124,"column":25},"end":{"line":124,"column":26}},"loc":{"start":{"line":124,"column":60},"end":{"line":139,"column":1}},"line":124}},"branchMap":{"0":{"loc":{"start":{"line":85,"column":6},"end":{"line":88,"column":7}},"type":"if","locations":[{"start":{"line":85,"column":6},"end":{"line":88,"column":7}},{"start":{},"end":{}}],"line":85},"1":{"loc":{"start":{"line":91,"column":6},"end":{"line":94,"column":7}},"type":"if","locations":[{"start":{"line":91,"column":6},"end":{"line":94,"column":7}},{"start":{},"end":{}}],"line":91},"2":{"loc":{"start":{"line":119,"column":26},"end":{"line":119,"column":58}},"type":"binary-expr","locations":[{"start":{"line":119,"column":26},"end":{"line":119,"column":52}},{"start":{"line":119,"column":56},"end":{"line":119,"column":58}}],"line":119},"3":{"loc":{"start":{"line":120,"column":9},"end":{"line":120,"column":127}},"type":"binary-expr","locations":[{"start":{"line":120,"column":9},"end":{"line":120,"column":38}},{"start":{"line":120,"column":42},"end":{"line":120,"column":78}},{"start":{"line":120,"column":82},"end":{"line":120,"column":127}}],"line":120},"4":{"loc":{"start":{"line":120,"column":83},"end":{"line":120,"column":105}},"type":"binary-expr","locations":[{"start":{"line":120,"column":83},"end":{"line":120,"column":99}},{"start":{"line":120,"column":103},"end":{"line":120,"column":105}}],"line":120},"5":{"loc":{"start":{"line":135,"column":2},"end":{"line":135,"column":25}},"type":"if","locations":[{"start":{"line":135,"column":2},"end":{"line":135,"column":25}},{"start":{},"end":{}}],"line":135},"6":{"loc":{"start":{"line":138,"column":9},"end":{"line":138,"column":30}},"type":"cond-expr","locations":[{"start":{"line":138,"column":19},"end":{"line":138,"column":23}},{"start":{"line":138,"column":26},"end":{"line":138,"column":30}}],"line":138}},"s":{"0":0,"1":0,"2":0,"3":0,"4":0,"5":0,"6":0,"7":0,"8":0,"9":0,"10":0,"11":0,"12":0,"13":0,"14":0,"15":0,"16":0,"17":0,"18":0,"19":0,"20":0,"21":0,"22":0,"23":0},"f":{"0":0,"1":0,"2":0,"3":0,"4":0,"5":0},"b":{"0":[0,0],"1":[0,0],"2":[0,0],"3":[0,0,0],"4":[0,0],"5":[0,0],"6":[0,0]}}
,"C:\\Desktop\\Software_Project\\server\\models\\index.js": {"path":"C:\\Desktop\\Software_Project\\server\\models\\index.js","statementMap":{"0":{"start":{"line":1,"column":22},"end":{"line":1,"column":54}},"1":{"start":{"line":4,"column":15},"end":{"line":4,"column":34}},"2":{"start":{"line":5,"column":13},"end":{"line":5,"column":30}},"3":{"start":{"line":6,"column":16},"end":{"line":6,"column":36}},"4":{"start":{"line":7,"column":20},"end":{"line":7,"column":44}},"5":{"start":{"line":8,"column":13},"end":{"line":8,"column":30}},"6":{"start":{"line":9,"column":23},"end":{"line":9,"column":50}},"7":{"start":{"line":13,"column":0},"end":{"line":13,"column":62}},"8":{"start":{"line":14,"column":0},"end":{"line":14,"column":68}},"9":{"start":{"line":15,"column":0},"end":{"line":15,"column":76}},"10":{"start":{"line":16,"column":0},"end":{"line":16,"column":62}},"11":{"start":{"line":17,"column":0},"end":{"line":17,"column":82}},"12":{"start":{"line":20,"column":0},"end":{"line":20,"column":65}},"13":{"start":{"line":21,"column":0},"end":{"line":21,"column":80}},"14":{"start":{"line":22,"column":0},"end":{"line":22,"column":68}},"15":{"start":{"line":25,"column":0},"end":{"line":25,"column":68}},"16":{"start":{"line":26,"column":0},"end":{"line":26,"column":78}},"17":{"start":{"line":27,"column":0},"end":{"line":27,"column":64}},"18":{"start":{"line":28,"column":0},"end":{"line":28,"column":84}},"19":{"start":{"line":31,"column":0},"end":{"line":31,"column":72}},"20":{"start":{"line":32,"column":0},"end":{"line":32,"column":75}},"21":{"start":{"line":33,"column":0},"end":{"line":33,"column":70}},"22":{"start":{"line":34,"column":0},"end":{"line":34,"column":72}},"23":{"start":{"line":35,"column":0},"end":{"line":35,"column":66}},"24":{"start":{"line":38,"column":0},"end":{"line":38,"column":65}},"25":{"start":{"line":39,"column":0},"end":{"line":39,"column":68}},"26":{"start":{"line":40,"column":0},"end":{"line":40,"column":65}},"27":{"start":{"line":41,"column":0},"end":{"line":41,"column":80}},"28":{"start":{"line":42,"column":0},"end":{"line":42,"column":76}},"29":{"start":{"line":45,"column":0},"end":{"line":45,"column":75}},"30":{"start":{"line":46,"column":0},"end":{"line":46,"column":78}},"31":{"start":{"line":47,"column":0},"end":{"line":47,"column":69}},"32":{"start":{"line":48,"column":0},"end":{"line":48,"column":75}},"33":{"start":{"line":50,"column":0},"end":{"line":58,"column":2}}},"fnMap":{},"branchMap":{},"s":{"0":0,"1":0,"2":0,"3":0,"4":0,"5":0,"6":0,"7":0,"8":0,"9":0,"10":0,"11":0,"12":0,"13":0,"14":0,"15":0,"16":0,"17":0,"18":0,"19":0,"20":0,"21":0,"22":0,"23":0,"24":0,"25":0,"26":0,"27":0,"28":0,"29":0,"30":0,"31":0,"32":0,"33":0},"f":{},"b":{}}
,"C:\\Desktop\\Software_Project\\server\\routes\\appointments.js": {"path":"C:\\Desktop\\Software_Project\\server\\routes\\appointments.js","statementMap":{"0":{"start":{"line":1,"column":15},"end":{"line":1,"column":35}},"1":{"start":{"line":2,"column":16},"end":{"line":2,"column":34}},"2":{"start":{"line":3,"column":35},"end":{"line":3,"column":63}},"3":{"start":{"line":4,"column":47},"end":{"line":4,"column":67}},"4":{"start":{"line":9,"column":4},"end":{"line":9,"column":33}},"5":{"start":{"line":11,"column":15},"end":{"line":11,"column":31}},"6":{"start":{"line":14,"column":0},"end":{"line":53,"column":3}},"7":{"start":{"line":15,"column":2},"end":{"line":52,"column":3}},"8":{"start":{"line":16,"column":49},"end":{"line":16,"column":58}},"9":{"start":{"line":17,"column":18},"end":{"line":17,"column":20}},"10":{"start":{"line":20,"column":4},"end":{"line":24,"column":5}},"11":{"start":{"line":21,"column":6},"end":{"line":21,"column":41}},"12":{"start":{"line":22,"column":11},"end":{"line":24,"column":5}},"13":{"start":{"line":23,"column":6},"end":{"line":23,"column":32}},"14":{"start":{"line":26,"column":4},"end":{"line":28,"column":5}},"15":{"start":{"line":27,"column":6},"end":{"line":27,"column":35}},"16":{"start":{"line":30,"column":4},"end":{"line":32,"column":5}},"17":{"start":{"line":31,"column":6},"end":{"line":31,"column":32}},"18":{"start":{"line":34,"column":4},"end":{"line":36,"column":5}},"19":{"start":{"line":35,"column":6},"end":{"line":35,"column":28}},"20":{"start":{"line":38,"column":25},"end":{"line":46,"column":6}},"21":{"start":{"line":48,"column":4},"end":{"line":48,"column":31}},"22":{"start":{"line":50,"column":4},"end":{"line":50,"column":54}},"23":{"start":{"line":51,"column":4},"end":{"line":51,"column":69}},"24":{"start":{"line":56,"column":0},"end":{"line":82,"column":3}},"25":{"start":{"line":57,"column":2},"end":{"line":81,"column":3}},"26":{"start":{"line":58,"column":24},"end":{"line":65,"column":6}},"27":{"start":{"line":67,"column":4},"end":{"line":69,"column":5}},"28":{"start":{"line":68,"column":6},"end":{"line":68,"column":71}},"29":{"start":{"line":72,"column":4},"end":{"line":75,"column":5}},"30":{"start":{"line":74,"column":6},"end":{"line":74,"column":63}},"31":{"start":{"line":77,"column":4},"end":{"line":77,"column":30}},"32":{"start":{"line":79,"column":4},"end":{"line":79,"column":53}},"33":{"start":{"line":80,"column":4},"end":{"line":80,"column":68}},"34":{"start":{"line":85,"column":0},"end":{"line":152,"column":3}},"35":{"start":{"line":94,"column":2},"end":{"line":151,"column":3}},"36":{"start":{"line":95,"column":19},"end":{"line":95,"column":40}},"37":{"start":{"line":96,"column":4},"end":{"line":98,"column":5}},"38":{"start":{"line":97,"column":6},"end":{"line":97,"column":62}},"39":{"start":{"line":100,"column":28},"end":{"line":103,"column":5}},"40":{"start":{"line":106,"column":4},"end":{"line":109,"column":5}},"41":{"start":{"line":108,"column":6},"end":{"line":108,"column":63}},"42":{"start":{"line":112,"column":20},"end":{"line":112,"column":69}},"43":{"start":{"line":113,"column":4},"end":{"line":115,"column":5}},"44":{"start":{"line":114,"column":6},"end":{"line":114,"column":67}},"45":{"start":{"line":118,"column":19},"end":{"line":118,"column":64}},"46":{"start":{"line":119,"column":4},"end":{"line":121,"column":5}},"47":{"start":{"line":120,"column":6},"end":{"line":120,"column":73}},"48":{"start":{"line":124,"column":19},"end":{"line":124,"column":66}},"49":{"start":{"line":125,"column":4},"end":{"line":127,"column":5}},"50":{"start":{"line":126,"column":6},"end":{"line":126,"column":73}},"51":{"start":{"line":130,"column":24},"end":{"line":130,"column":65}},"52":{"start":{"line":133,"column":21},"end":{"line":133,"column":54}},"53":{"start":{"line":134,"column":4},"end":{"line":142,"column":5}},"54":{"start":{"line":135,"column":6},"end":{"line":141,"column":9}},"55":{"start":{"line":144,"column":4},"end":{"line":147,"column":7}},"56":{"start":{"line":149,"column":4},"end":{"line":149,"column":56}},"57":{"start":{"line":150,"column":4},"end":{"line":150,"column":69}},"58":{"start":{"line":155,"column":0},"end":{"line":222,"column":3}},"59":{"start":{"line":160,"column":2},"end":{"line":221,"column":3}},"60":{"start":{"line":161,"column":19},"end":{"line":161,"column":40}},"61":{"start":{"line":162,"column":4},"end":{"line":164,"column":5}},"62":{"start":{"line":163,"column":6},"end":{"line":163,"column":62}},"63":{"start":{"line":166,"column":24},"end":{"line":166,"column":65}},"64":{"start":{"line":167,"column":4},"end":{"line":169,"column":5}},"65":{"start":{"line":168,"column":6},"end":{"line":168,"column":71}},"66":{"start":{"line":172,"column":4},"end":{"line":175,"column":5}},"67":{"start":{"line":174,"column":6},"end":{"line":174,"column":63}},"68":{"start":{"line":177,"column":20},"end":{"line":177,"column":47}},"69":{"start":{"line":178,"column":20},"end":{"line":178,"column":47}},"70":{"start":{"line":181,"column":4},"end":{"line":181,"column":89}},"71":{"start":{"line":181,"column":34},"end":{"line":181,"column":89}},"72":{"start":{"line":182,"column":4},"end":{"line":182,"column":89}},"73":{"start":{"line":182,"column":34},"end":{"line":182,"column":89}},"74":{"start":{"line":183,"column":4},"end":{"line":183,"column":62}},"75":{"start":{"line":183,"column":25},"end":{"line":183,"column":62}},"76":{"start":{"line":186,"column":4},"end":{"line":210,"column":5}},"77":{"start":{"line":187,"column":23},"end":{"line":187,"column":56}},"78":{"start":{"line":188,"column":6},"end":{"line":196,"column":7}},"79":{"start":{"line":189,"column":8},"end":{"line":195,"column":11}},"80":{"start":{"line":199,"column":22},"end":{"line":199,"column":57}},"81":{"start":{"line":200,"column":6},"end":{"line":208,"column":9}},"82":{"start":{"line":209,"column":6},"end":{"line":209,"column":46}},"83":{"start":{"line":212,"column":4},"end":{"line":212,"column":29}},"84":{"start":{"line":214,"column":4},"end":{"line":217,"column":7}},"85":{"start":{"line":219,"column":4},"end":{"line":219,"column":54}},"86":{"start":{"line":220,"column":4},"end":{"line":220,"column":69}},"87":{"start":{"line":225,"column":0},"end":{"line":256,"column":3}},"88":{"start":{"line":226,"column":2},"end":{"line":255,"column":3}},"89":{"start":{"line":227,"column":24},"end":{"line":227,"column":65}},"90":{"start":{"line":228,"column":4},"end":{"line":230,"column":5}},"91":{"start":{"line":229,"column":6},"end":{"line":229,"column":71}},"92":{"start":{"line":233,"column":4},"end":{"line":236,"column":5}},"93":{"start":{"line":235,"column":6},"end":{"line":235,"column":63}},"94":{"start":{"line":238,"column":4},"end":{"line":240,"column":5}},"95":{"start":{"line":239,"column":6},"end":{"line":239,"column":76}},"96":{"start":{"line":242,"column":4},"end":{"line":242,"column":41}},"97":{"start":{"line":243,"column":4},"end":{"line":243,"column":42}},"98":{"start":{"line":244,"column":4},"end":{"line":244,"column":35}},"99":{"start":{"line":246,"column":4},"end":{"line":246,"column":29}},"100":{"start":{"line":248,"column":4},"end":{"line":251,"column":7}},"101":{"start":{"line":253,"column":4},"end":{"line":253,"column":44}},"102":{"start":{"line":254,"column":4},"end":{"line":254,"column":67}},"103":{"start":{"line":259,"column":0},"end":{"line":289,"column":3}},"104":{"start":{"line":260,"column":2},"end":{"line":288,"column":3}},"105":{"start":{"line":261,"column":24},"end":{"line":261,"column":65}},"106":{"start":{"line":262,"column":4},"end":{"line":264,"column":5}},"107":{"start":{"line":263,"column":6},"end":{"line":263,"column":71}},"108":{"start":{"line":267,"column":4},"end":{"line":270,"column":5}},"109":{"start":{"line":269,"column":6},"end":{"line":269,"column":112}},"110":{"start":{"line":272,"column":4},"end":{"line":274,"column":5}},"111":{"start":{"line":273,"column":6},"end":{"line":273,"column":109}},"112":{"start":{"line":276,"column":4},"end":{"line":276,"column":51}},"113":{"start":{"line":277,"column":4},"end":{"line":277,"column":43}},"114":{"start":{"line":279,"column":4},"end":{"line":279,"column":29}},"115":{"start":{"line":281,"column":4},"end":{"line":284,"column":7}},"116":{"start":{"line":286,"column":4},"end":{"line":286,"column":54}},"117":{"start":{"line":287,"column":4},"end":{"line":287,"column":69}},"118":{"start":{"line":292,"column":0},"end":{"line":340,"column":3}},"119":{"start":{"line":299,"column":2},"end":{"line":339,"column":3}},"120":{"start":{"line":300,"column":19},"end":{"line":300,"column":40}},"121":{"start":{"line":301,"column":4},"end":{"line":303,"column":5}},"122":{"start":{"line":302,"column":6},"end":{"line":302,"column":62}},"123":{"start":{"line":305,"column":24},"end":{"line":305,"column":65}},"124":{"start":{"line":306,"column":4},"end":{"line":308,"column":5}},"125":{"start":{"line":307,"column":6},"end":{"line":307,"column":71}},"126":{"start":{"line":311,"column":4},"end":{"line":314,"column":5}},"127":{"start":{"line":313,"column":6},"end":{"line":313,"column":115}},"128":{"start":{"line":316,"column":4},"end":{"line":318,"column":5}},"129":{"start":{"line":317,"column":6},"end":{"line":317,"column":94}},"130":{"start":{"line":321,"column":4},"end":{"line":321,"column":95}},"131":{"start":{"line":321,"column":36},"end":{"line":321,"column":95}},"132":{"start":{"line":322,"column":4},"end":{"line":322,"column":71}},"133":{"start":{"line":322,"column":28},"end":{"line":322,"column":71}},"134":{"start":{"line":323,"column":4},"end":{"line":323,"column":80}},"135":{"start":{"line":323,"column":31},"end":{"line":323,"column":80}},"136":{"start":{"line":324,"column":4},"end":{"line":324,"column":80}},"137":{"start":{"line":324,"column":31},"end":{"line":324,"column":80}},"138":{"start":{"line":325,"column":4},"end":{"line":325,"column":62}},"139":{"start":{"line":325,"column":25},"end":{"line":325,"column":62}},"140":{"start":{"line":327,"column":4},"end":{"line":327,"column":49}},"141":{"start":{"line":328,"column":4},"end":{"line":328,"column":37}},"142":{"start":{"line":330,"column":4},"end":{"line":330,"column":29}},"143":{"start":{"line":332,"column":4},"end":{"line":335,"column":7}},"144":{"start":{"line":337,"column":4},"end":{"line":337,"column":57}},"145":{"start":{"line":338,"column":4},"end":{"line":338,"column":72}},"146":{"start":{"line":343,"column":0},"end":{"line":381,"column":3}},"147":{"start":{"line":346,"column":2},"end":{"line":380,"column":3}},"148":{"start":{"line":347,"column":19},"end":{"line":347,"column":40}},"149":{"start":{"line":348,"column":4},"end":{"line":350,"column":5}},"150":{"start":{"line":349,"column":6},"end":{"line":349,"column":62}},"151":{"start":{"line":352,"column":24},"end":{"line":352,"column":65}},"152":{"start":{"line":353,"column":4},"end":{"line":355,"column":5}},"153":{"start":{"line":354,"column":6},"end":{"line":354,"column":71}},"154":{"start":{"line":358,"column":4},"end":{"line":361,"column":5}},"155":{"start":{"line":360,"column":6},"end":{"line":360,"column":63}},"156":{"start":{"line":363,"column":4},"end":{"line":365,"column":5}},"157":{"start":{"line":364,"column":6},"end":{"line":364,"column":106}},"158":{"start":{"line":367,"column":4},"end":{"line":367,"column":37}},"159":{"start":{"line":368,"column":4},"end":{"line":369,"column":90}},"160":{"start":{"line":371,"column":4},"end":{"line":371,"column":29}},"161":{"start":{"line":373,"column":4},"end":{"line":376,"column":7}},"162":{"start":{"line":378,"column":4},"end":{"line":378,"column":54}},"163":{"start":{"line":379,"column":4},"end":{"line":379,"column":69}},"164":{"start":{"line":384,"column":0},"end":{"line":451,"column":3}},"165":{"start":{"line":385,"column":2},"end":{"line":450,"column":3}},"166":{"start":{"line":386,"column":41},"end":{"line":386,"column":50}},"167":{"start":{"line":388,"column":4},"end":{"line":390,"column":5}},"168":{"start":{"line":389,"column":6},"end":{"line":389,"column":93}},"169":{"start":{"line":393,"column":4},"end":{"line":396,"column":5}},"170":{"start":{"line":395,"column":6},"end":{"line":395,"column":63}},"171":{"start":{"line":398,"column":19},"end":{"line":398,"column":50}},"172":{"start":{"line":399,"column":4},"end":{"line":401,"column":5}},"173":{"start":{"line":400,"column":6},"end":{"line":400,"column":66}},"174":{"start":{"line":404,"column":33},"end":{"line":411,"column":6}},"175":{"start":{"line":414,"column":21},"end":{"line":414,"column":99}},"176":{"start":{"line":415,"column":20},"end":{"line":415,"column":53}},"177":{"start":{"line":416,"column":24},"end":{"line":416,"column":54}},"178":{"start":{"line":418,"column":4},"end":{"line":420,"column":5}},"179":{"start":{"line":419,"column":6},"end":{"line":419,"column":46}},"180":{"start":{"line":423,"column":18},"end":{"line":423,"column":20}},"181":{"start":{"line":424,"column":32},"end":{"line":424,"column":71}},"182":{"start":{"line":425,"column":34},"end":{"line":425,"column":74}},"183":{"start":{"line":427,"column":25},"end":{"line":427,"column":27}},"184":{"start":{"line":428,"column":22},"end":{"line":428,"column":30}},"185":{"start":{"line":429,"column":21},"end":{"line":429,"column":28}},"186":{"start":{"line":431,"column":4},"end":{"line":444,"column":5}},"187":{"start":{"line":432,"column":25},"end":{"line":432,"column":105}},"188":{"start":{"line":433,"column":23},"end":{"line":433,"column":91}},"189":{"start":{"line":433,"column":56},"end":{"line":433,"column":90}},"190":{"start":{"line":435,"column":6},"end":{"line":437,"column":7}},"191":{"start":{"line":436,"column":8},"end":{"line":436,"column":58}},"192":{"start":{"line":439,"column":6},"end":{"line":439,"column":33}},"193":{"start":{"line":440,"column":6},"end":{"line":443,"column":7}},"194":{"start":{"line":441,"column":8},"end":{"line":441,"column":25}},"195":{"start":{"line":442,"column":8},"end":{"line":442,"column":23}},"196":{"start":{"line":446,"column":4},"end":{"line":446,"column":40}},"197":{"start":{"line":448,"column":4},"end":{"line":448,"column":51}},"198":{"start":{"line":449,"column":4},"end":{"line":449,"column":72}},"199":{"start":{"line":454,"column":0},"end":{"line":497,"column":3}},"200":{"start":{"line":455,"column":2},"end":{"line":496,"column":3}},"201":{"start":{"line":456,"column":45},"end":{"line":456,"column":54}},"202":{"start":{"line":458,"column":4},"end":{"line":460,"column":5}},"203":{"start":{"line":459,"column":6},"end":{"line":459,"column":98}},"204":{"start":{"line":463,"column":4},"end":{"line":466,"column":5}},"205":{"start":{"line":465,"column":6},"end":{"line":465,"column":63}},"206":{"start":{"line":469,"column":25},"end":{"line":478,"column":6}},"207":{"start":{"line":481,"column":23},"end":{"line":481,"column":25}},"208":{"start":{"line":482,"column":4},"end":{"line":485,"column":7}},"209":{"start":{"line":483,"column":19},"end":{"line":483,"column":62}},"210":{"start":{"line":484,"column":6},"end":{"line":484,"column":53}},"211":{"start":{"line":487,"column":25},"end":{"line":490,"column":39}},"212":{"start":{"line":487,"column":76},"end":{"line":490,"column":5}},"213":{"start":{"line":490,"column":23},"end":{"line":490,"column":38}},"214":{"start":{"line":492,"column":4},"end":{"line":492,"column":31}},"215":{"start":{"line":494,"column":4},"end":{"line":494,"column":49}},"216":{"start":{"line":495,"column":4},"end":{"line":495,"column":75}},"217":{"start":{"line":499,"column":0},"end":{"line":499,"column":24}}},"fnMap":{"0":{"name":"(anonymous_0)","decl":{"start":{"line":14,"column":102},"end":{"line":14,"column":103}},"loc":{"start":{"line":14,"column":122},"end":{"line":53,"column":1}},"line":14},"1":{"name":"(anonymous_1)","decl":{"start":{"line":56,"column":104},"end":{"line":56,"column":105}},"loc":{"start":{"line":56,"column":124},"end":{"line":82,"column":1}},"line":56},"2":{"name":"(anonymous_2)","decl":{"start":{"line":93,"column":35},"end":{"line":93,"column":36}},"loc":{"start":{"line":93,"column":55},"end":{"line":152,"column":1}},"line":93},"3":{"name":"(anonymous_3)","decl":{"start":{"line":159,"column":35},"end":{"line":159,"column":36}},"loc":{"start":{"line":159,"column":55},"end":{"line":222,"column":1}},"line":159},"4":{"name":"(anonymous_4)","decl":{"start":{"line":225,"column":116},"end":{"line":225,"column":117}},"loc":{"start":{"line":225,"column":136},"end":{"line":256,"column":1}},"line":225},"5":{"name":"(anonymous_5)","decl":{"start":{"line":259,"column":122},"end":{"line":259,"column":123}},"loc":{"start":{"line":259,"column":142},"end":{"line":289,"column":1}},"line":259},"6":{"name":"(anonymous_6)","decl":{"start":{"line":298,"column":38},"end":{"line":298,"column":39}},"loc":{"start":{"line":298,"column":58},"end":{"line":340,"column":1}},"line":298},"7":{"name":"(anonymous_7)","decl":{"start":{"line":345,"column":35},"end":{"line":345,"column":36}},"loc":{"start":{"line":345,"column":55},"end":{"line":381,"column":1}},"line":345},"8":{"name":"(anonymous_8)","decl":{"start":{"line":384,"column":86},"end":{"line":384,"column":87}},"loc":{"start":{"line":384,"column":106},"end":{"line":451,"column":1}},"line":384},"9":{"name":"(anonymous_9)","decl":{"start":{"line":433,"column":49},"end":{"line":433,"column":50}},"loc":{"start":{"line":433,"column":56},"end":{"line":433,"column":90}},"line":433},"10":{"name":"(anonymous_10)","decl":{"start":{"line":454,"column":84},"end":{"line":454,"column":85}},"loc":{"start":{"line":454,"column":104},"end":{"line":497,"column":1}},"line":454},"11":{"name":"(anonymous_11)","decl":{"start":{"line":482,"column":25},"end":{"line":482,"column":26}},"loc":{"start":{"line":482,"column":32},"end":{"line":485,"column":5}},"line":482},"12":{"name":"(anonymous_12)","decl":{"start":{"line":487,"column":56},"end":{"line":487,"column":57}},"loc":{"start":{"line":487,"column":76},"end":{"line":490,"column":5}},"line":487},"13":{"name":"(anonymous_13)","decl":{"start":{"line":490,"column":13},"end":{"line":490,"column":14}},"loc":{"start":{"line":490,"column":23},"end":{"line":490,"column":38}},"line":490}},"branchMap":{"0":{"loc":{"start":{"line":20,"column":4},"end":{"line":24,"column":5}},"type":"if","locations":[{"start":{"line":20,"column":4},"end":{"line":24,"column":5}},{"start":{"line":22,"column":11},"end":{"line":24,"column":5}}],"line":20},"1":{"loc":{"start":{"line":22,"column":11},"end":{"line":24,"column":5}},"type":"if","locations":[{"start":{"line":22,"column":11},"end":{"line":24,"column":5}},{"start":{},"end":{}}],"line":22},"2":{"loc":{"start":{"line":26,"column":4},"end":{"line":28,"column":5}},"type":"if","locations":[{"start":{"line":26,"column":4},"end":{"line":28,"column":5}},{"start":{},"end":{}}],"line":26},"3":{"loc":{"start":{"line":30,"column":4},"end":{"line":32,"column":5}},"type":"if","locations":[{"start":{"line":30,"column":4},"end":{"line":32,"column":5}},{"start":{},"end":{}}],"line":30},"4":{"loc":{"start":{"line":34,"column":4},"end":{"line":36,"column":5}},"type":"if","locations":[{"start":{"line":34,"column":4},"end":{"line":36,"column":5}},{"start":{},"end":{}}],"line":34},"5":{"loc":{"start":{"line":67,"column":4},"end":{"line":69,"column":5}},"type":"if","locations":[{"start":{"line":67,"column":4},"end":{"line":69,"column":5}},{"start":{},"end":{}}],"line":67},"6":{"loc":{"start":{"line":72,"column":4},"end":{"line":75,"column":5}},"type":"if","locations":[{"start":{"line":72,"column":4},"end":{"line":75,"column":5}},{"start":{},"end":{}}],"line":72},"7":{"loc":{"start":{"line":72,"column":8},"end":{"line":73,"column":50}},"type":"binary-expr","locations":[{"start":{"line":72,"column":8},"end":{"line":72,"column":40}},{"start":{"line":73,"column":8},"end":{"line":73,"column":50}}],"line":72},"8":{"loc":{"start":{"line":96,"column":4},"end":{"line":98,"column":5}},"type":"if","locations":[{"start":{"line":96,"column":4},"end":{"line":98,"column":5}},{"start":{},"end":{}}],"line":96},"9":{"loc":{"start":{"line":106,"column":4},"end":{"line":109,"column":5}},"type":"if","locations":[{"start":{"line":106,"column":4},"end":{"line":109,"column":5}},{"start":{},"end":{}}],"line":106},"10":{"loc":{"start":{"line":106,"column":8},"end":{"line":107,"column":54}},"type":"binary-expr","locations":[{"start":{"line":106,"column":8},"end":{"line":106,"column":40}},{"start":{"line":107,"column":8},"end":{"line":107,"column":54}}],"line":106},"11":{"loc":{"start":{"line":113,"column":4},"end":{"line":115,"column":5}},"type":"if","locations":[{"start":{"line":113,"column":4},"end":{"line":115,"column":5}},{"start":{},"end":{}}],"line":113},"12":{"loc":{"start":{"line":119,"column":4},"end":{"line":121,"column":5}},"type":"if","locations":[{"start":{"line":119,"column":4},"end":{"line":121,"column":5}},{"start":{},"end":{}}],"line":119},"13":{"loc":{"start":{"line":119,"column":8},"end":{"line":119,"column":63}},"type":"binary-expr","locations":[{"start":{"line":119,"column":8},"end":{"line":119,"column":15}},{"start":{"line":119,"column":19},"end":{"line":119,"column":43}},{"start":{"line":119,"column":47},"end":{"line":119,"column":63}}],"line":119},"14":{"loc":{"start":{"line":125,"column":4},"end":{"line":127,"column":5}},"type":"if","locations":[{"start":{"line":125,"column":4},"end":{"line":127,"column":5}},{"start":{},"end":{}}],"line":125},"15":{"loc":{"start":{"line":125,"column":8},"end":{"line":125,"column":35}},"type":"binary-expr","locations":[{"start":{"line":125,"column":8},"end":{"line":125,"column":15}},{"start":{"line":125,"column":19},"end":{"line":125,"column":35}}],"line":125},"16":{"loc":{"start":{"line":134,"column":4},"end":{"line":142,"column":5}},"type":"if","locations":[{"start":{"line":134,"column":4},"end":{"line":142,"column":5}},{"start":{},"end":{}}],"line":134},"17":{"loc":{"start":{"line":162,"column":4},"end":{"line":164,"column":5}},"type":"if","locations":[{"start":{"line":162,"column":4},"end":{"line":164,"column":5}},{"start":{},"end":{}}],"line":162},"18":{"loc":{"start":{"line":167,"column":4},"end":{"line":169,"column":5}},"type":"if","locations":[{"start":{"line":167,"column":4},"end":{"line":169,"column":5}},{"start":{},"end":{}}],"line":167},"19":{"loc":{"start":{"line":172,"column":4},"end":{"line":175,"column":5}},"type":"if","locations":[{"start":{"line":172,"column":4},"end":{"line":175,"column":5}},{"start":{},"end":{}}],"line":172},"20":{"loc":{"start":{"line":172,"column":8},"end":{"line":173,"column":50}},"type":"binary-expr","locations":[{"start":{"line":172,"column":8},"end":{"line":172,"column":40}},{"start":{"line":173,"column":8},"end":{"line":173,"column":50}}],"line":172},"21":{"loc":{"start":{"line":181,"column":4},"end":{"line":181,"column":89}},"type":"if","locations":[{"start":{"line":181,"column":4},"end":{"line":181,"column":89}},{"start":{},"end":{}}],"line":181},"22":{"loc":{"start":{"line":182,"column":4},"end":{"line":182,"column":89}},"type":"if","locations":[{"start":{"line":182,"column":4},"end":{"line":182,"column":89}},{"start":{},"end":{}}],"line":182},"23":{"loc":{"start":{"line":183,"column":4},"end":{"line":183,"column":62}},"type":"if","locations":[{"start":{"line":183,"column":4},"end":{"line":183,"column":62}},{"start":{},"end":{}}],"line":183},"24":{"loc":{"start":{"line":186,"column":4},"end":{"line":210,"column":5}},"type":"if","locations":[{"start":{"line":186,"column":4},"end":{"line":210,"column":5}},{"start":{},"end":{}}],"line":186},"25":{"loc":{"start":{"line":186,"column":8},"end":{"line":186,"column":60}},"type":"binary-expr","locations":[{"start":{"line":186,"column":8},"end":{"line":186,"column":32}},{"start":{"line":186,"column":36},"end":{"line":186,"column":60}}],"line":186},"26":{"loc":{"start":{"line":188,"column":6},"end":{"line":196,"column":7}},"type":"if","locations":[{"start":{"line":188,"column":6},"end":{"line":196,"column":7}},{"start":{},"end":{}}],"line":188},"27":{"loc":{"start":{"line":199,"column":22},"end":{"line":199,"column":57}},"type":"binary-expr","locations":[{"start":{"line":199,"column":22},"end":{"line":199,"column":51}},{"start":{"line":199,"column":55},"end":{"line":199,"column":57}}],"line":199},"28":{"loc":{"start":{"line":205,"column":16},"end":{"line":205,"column":67}},"type":"binary-expr","locations":[{"start":{"line":205,"column":16},"end":{"line":205,"column":41}},{"start":{"line":205,"column":45},"end":{"line":205,"column":67}}],"line":205},"29":{"loc":{"start":{"line":228,"column":4},"end":{"line":230,"column":5}},"type":"if","locations":[{"start":{"line":228,"column":4},"end":{"line":230,"column":5}},{"start":{},"end":{}}],"line":228},"30":{"loc":{"start":{"line":233,"column":4},"end":{"line":236,"column":5}},"type":"if","locations":[{"start":{"line":233,"column":4},"end":{"line":236,"column":5}},{"start":{},"end":{}}],"line":233},"31":{"loc":{"start":{"line":233,"column":8},"end":{"line":234,"column":50}},"type":"binary-expr","locations":[{"start":{"line":233,"column":8},"end":{"line":233,"column":40}},{"start":{"line":234,"column":8},"end":{"line":234,"column":50}}],"line":233},"32":{"loc":{"start":{"line":238,"column":4},"end":{"line":240,"column":5}},"type":"if","locations":[{"start":{"line":238,"column":4},"end":{"line":240,"column":5}},{"start":{},"end":{}}],"line":238},"33":{"loc":{"start":{"line":262,"column":4},"end":{"line":264,"column":5}},"type":"if","locations":[{"start":{"line":262,"column":4},"end":{"line":264,"column":5}},{"start":{},"end":{}}],"line":262},"34":{"loc":{"start":{"line":267,"column":4},"end":{"line":270,"column":5}},"type":"if","locations":[{"start":{"line":267,"column":4},"end":{"line":270,"column":5}},{"start":{},"end":{}}],"line":267},"35":{"loc":{"start":{"line":267,"column":8},"end":{"line":268,"column":44}},"type":"binary-expr","locations":[{"start":{"line":267,"column":8},"end":{"line":267,"column":40}},{"start":{"line":268,"column":8},"end":{"line":268,"column":44}}],"line":267},"36":{"loc":{"start":{"line":272,"column":4},"end":{"line":274,"column":5}},"type":"if","locations":[{"start":{"line":272,"column":4},"end":{"line":274,"column":5}},{"start":{},"end":{}}],"line":272},"37":{"loc":{"start":{"line":301,"column":4},"end":{"line":303,"column":5}},"type":"if","locations":[{"start":{"line":301,"column":4},"end":{"line":303,"column":5}},{"start":{},"end":{}}],"line":301},"38":{"loc":{"start":{"line":306,"column":4},"end":{"line":308,"column":5}},"type":"if","locations":[{"start":{"line":306,"column":4},"end":{"line":308,"column":5}},{"start":{},"end":{}}],"line":306},"39":{"loc":{"start":{"line":311,"column":4},"end":{"line":314,"column":5}},"type":"if","locations":[{"start":{"line":311,"column":4},"end":{"line":314,"column":5}},{"start":{},"end":{}}],"line":311},"40":{"loc":{"start":{"line":311,"column":8},"end":{"line":312,"column":44}},"type":"binary-expr","locations":[{"start":{"line":311,"column":8},"end":{"line":311,"column":40}},{"start":{"line":312,"column":8},"end":{"line":312,"column":44}}],"line":311},"41":{"loc":{"start":{"line":316,"column":4},"end":{"line":318,"column":5}},"type":"if","locations":[{"start":{"line":316,"column":4},"end":{"line":318,"column":5}},{"start":{},"end":{}}],"line":316},"42":{"loc":{"start":{"line":321,"column":4},"end":{"line":321,"column":95}},"type":"if","locations":[{"start":{"line":321,"column":4},"end":{"line":321,"column":95}},{"start":{},"end":{}}],"line":321},"43":{"loc":{"start":{"line":322,"column":4},"end":{"line":322,"column":71}},"type":"if","locations":[{"start":{"line":322,"column":4},"end":{"line":322,"column":71}},{"start":{},"end":{}}],"line":322},"44":{"loc":{"start":{"line":323,"column":4},"end":{"line":323,"column":80}},"type":"if","locations":[{"start":{"line":323,"column":4},"end":{"line":323,"column":80}},{"start":{},"end":{}}],"line":323},"45":{"loc":{"start":{"line":324,"column":4},"end":{"line":324,"column":80}},"type":"if","locations":[{"start":{"line":324,"column":4},"end":{"line":324,"column":80}},{"start":{},"end":{}}],"line":324},"46":{"loc":{"start":{"line":325,"column":4},"end":{"line":325,"column":62}},"type":"if","locations":[{"start":{"line":325,"column":4},"end":{"line":325,"column":62}},{"start":{},"end":{}}],"line":325},"47":{"loc":{"start":{"line":348,"column":4},"end":{"line":350,"column":5}},"type":"if","locations":[{"start":{"line":348,"column":4},"end":{"line":350,"column":5}},{"start":{},"end":{}}],"line":348},"48":{"loc":{"start":{"line":353,"column":4},"end":{"line":355,"column":5}},"type":"if","locations":[{"start":{"line":353,"column":4},"end":{"line":355,"column":5}},{"start":{},"end":{}}],"line":353},"49":{"loc":{"start":{"line":358,"column":4},"end":{"line":361,"column":5}},"type":"if","locations":[{"start":{"line":358,"column":4},"end":{"line":361,"column":5}},{"start":{},"end":{}}],"line":358},"50":{"loc":{"start":{"line":358,"column":8},"end":{"line":359,"column":50}},"type":"binary-expr","locations":[{"start":{"line":358,"column":8},"end":{"line":358,"column":40}},{"start":{"line":359,"column":8},"end":{"line":359,"column":50}}],"line":358},"51":{"loc":{"start":{"line":363,"column":4},"end":{"line":365,"column":5}},"type":"if","locations":[{"start":{"line":363,"column":4},"end":{"line":365,"column":5}},{"start":{},"end":{}}],"line":363},"52":{"loc":{"start":{"line":368,"column":25},"end":{"line":368,"column":48}},"type":"binary-expr","locations":[{"start":{"line":368,"column":25},"end":{"line":368,"column":42}},{"start":{"line":368,"column":46},"end":{"line":368,"column":48}}],"line":368},"53":{"loc":{"start":{"line":388,"column":4},"end":{"line":390,"column":5}},"type":"if","locations":[{"start":{"line":388,"column":4},"end":{"line":390,"column":5}},{"start":{},"end":{}}],"line":388},"54":{"loc":{"start":{"line":388,"column":8},"end":{"line":388,"column":39}},"type":"binary-expr","locations":[{"start":{"line":388,"column":8},"end":{"line":388,"column":17}},{"start":{"line":388,"column":21},"end":{"line":388,"column":30}},{"start":{"line":388,"column":34},"end":{"line":388,"column":39}}],"line":388},"55":{"loc":{"start":{"line":393,"column":4},"end":{"line":396,"column":5}},"type":"if","locations":[{"start":{"line":393,"column":4},"end":{"line":396,"column":5}},{"start":{},"end":{}}],"line":393},"56":{"loc":{"start":{"line":393,"column":8},"end":{"line":394,"column":38}},"type":"binary-expr","locations":[{"start":{"line":393,"column":8},"end":{"line":393,"column":40}},{"start":{"line":394,"column":8},"end":{"line":394,"column":38}}],"line":393},"57":{"loc":{"start":{"line":399,"column":4},"end":{"line":401,"column":5}},"type":"if","locations":[{"start":{"line":399,"column":4},"end":{"line":401,"column":5}},{"start":{},"end":{}}],"line":399},"58":{"loc":{"start":{"line":418,"column":4},"end":{"line":420,"column":5}},"type":"if","locations":[{"start":{"line":418,"column":4},"end":{"line":420,"column":5}},{"start":{},"end":{}}],"line":418},"59":{"loc":{"start":{"line":418,"column":8},"end":{"line":418,"column":42}},"type":"binary-expr","locations":[{"start":{"line":418,"column":8},"end":{"line":418,"column":20}},{"start":{"line":418,"column":24},"end":{"line":418,"column":42}}],"line":418},"60":{"loc":{"start":{"line":431,"column":11},"end":{"line":431,"column":90}},"type":"binary-expr","locations":[{"start":{"line":431,"column":11},"end":{"line":431,"column":34}},{"start":{"line":431,"column":39},"end":{"line":431,"column":64}},{"start":{"line":431,"column":68},"end":{"line":431,"column":89}}],"line":431},"61":{"loc":{"start":{"line":435,"column":6},"end":{"line":437,"column":7}},"type":"if","locations":[{"start":{"line":435,"column":6},"end":{"line":437,"column":7}},{"start":{},"end":{}}],"line":435},"62":{"loc":{"start":{"line":440,"column":6},"end":{"line":443,"column":7}},"type":"if","locations":[{"start":{"line":440,"column":6},"end":{"line":443,"column":7}},{"start":{},"end":{}}],"line":440},"63":{"loc":{"start":{"line":458,"column":4},"end":{"line":460,"column":5}},"type":"if","locations":[{"start":{"line":458,"column":4},"end":{"line":460,"column":5}},{"start":{},"end":{}}],"line":458},"64":{"loc":{"start":{"line":458,"column":8},"end":{"line":458,"column":43}},"type":"binary-expr","locations":[{"start":{"line":458,"column":8},"end":{"line":458,"column":17}},{"start":{"line":458,"column":21},"end":{"line":458,"column":31}},{"start":{"line":458,"column":35},"end":{"line":458,"column":43}}],"line":458},"65":{"loc":{"start":{"line":463,"column":4},"end":{"line":466,"column":5}},"type":"if","locations":[{"start":{"line":463,"column":4},"end":{"line":466,"column":5}},{"start":{},"end":{}}],"line":463},"66":{"loc":{"start":{"line":463,"column":8},"end":{"line":464,"column":38}},"type":"binary-expr","locations":[{"start":{"line":463,"column":8},"end":{"line":463,"column":40}},{"start":{"line":464,"column":8},"end":{"line":464,"column":38}}],"line":463},"67":{"loc":{"start":{"line":484,"column":26},"end":{"line":484,"column":47}},"type":"binary-expr","locations":[{"start":{"line":484,"column":26},"end":{"line":484,"column":42}},{"start":{"line":484,"column":46},"end":{"line":484,"column":47}}],"line":484}},"s":{"0":1,"1":1,"2":1,"3":1,"4":1,"5":1,"6":1,"7":1,"8":1,"9":1,"10":1,"11":1,"12":0,"13":0,"14":1,"15":1,"16":1,"17":0,"18":1,"19":0,"20":1,"21":1,"22":0,"23":0,"24":1,"25":0,"26":0,"27":0,"28":0,"29":0,"30":0,"31":0,"32":0,"33":0,"34":1,"35":2,"36":2,"37":2,"38":1,"39":1,"40":1,"41":0,"42":1,"43":1,"44":0,"45":1,"46":1,"47":0,"48":1,"49":1,"50":0,"51":1,"52":1,"53":1,"54":0,"55":1,"56":0,"57":0,"58":1,"59":0,"60":0,"61":0,"62":0,"63":0,"64":0,"65":0,"66":0,"67":0,"68":0,"69":0,"70":0,"71":0,"72":0,"73":0,"74":0,"75":0,"76":0,"77":0,"78":0,"79":0,"80":0,"81":0,"82":0,"83":0,"84":0,"85":0,"86":0,"87":1,"88":0,"89":0,"90":0,"91":0,"92":0,"93":0,"94":0,"95":0,"96":0,"97":0,"98":0,"99":0,"100":0,"101":0,"102":0,"103":1,"104":0,"105":0,"106":0,"107":0,"108":0,"109":0,"110":0,"111":0,"112":0,"113":0,"114":0,"115":0,"116":0,"117":0,"118":1,"119":0,"120":0,"121":0,"122":0,"123":0,"124":0,"125":0,"126":0,"127":0,"128":0,"129":0,"130":0,"131":0,"132":0,"133":0,"134":0,"135":0,"136":0,"137":0,"138":0,"139":0,"140":0,"141":0,"142":0,"143":0,"144":0,"145":0,"146":1,"147":0,"148":0,"149":0,"150":0,"151":0,"152":0,"153":0,"154":0,"155":0,"156":0,"157":0,"158":0,"159":0,"160":0,"161":0,"162":0,"163":0,"164":1,"165":0,"166":0,"167":0,"168":0,"169":0,"170":0,"171":0,"172":0,"173":0,"174":0,"175":0,"176":0,"177":0,"178":0,"179":0,"180":0,"181":0,"182":0,"183":0,"184":0,"185":0,"186":0,"187":0,"188":0,"189":0,"190":0,"191":0,"192":0,"193":0,"194":0,"195":0,"196":0,"197":0,"198":0,"199":1,"200":0,"201":0,"202":0,"203":0,"204":0,"205":0,"206":0,"207":0,"208":0,"209":0,"210":0,"211":0,"212":0,"213":0,"214":0,"215":0,"216":0,"217":1},"f":{"0":1,"1":0,"2":2,"3":0,"4":0,"5":0,"6":0,"7":0,"8":0,"9":0,"10":0,"11":0,"12":0,"13":0},"b":{"0":[1,0],"1":[0,0],"2":[1,0],"3":[0,1],"4":[0,1],"5":[0,0],"6":[0,0],"7":[0,0],"8":[1,1],"9":[0,1],"10":[1,1],"11":[0,1],"12":[0,1],"13":[1,1,1],"14":[0,1],"15":[1,1],"16":[0,1],"17":[0,0],"18":[0,0],"19":[0,0],"20":[0,0],"21":[0,0],"22":[0,0],"23":[0,0],"24":[0,0],"25":[0,0],"26":[0,0],"27":[0,0],"28":[0,0],"29":[0,0],"30":[0,0],"31":[0,0],"32":[0,0],"33":[0,0],"34":[0,0],"35":[0,0],"36":[0,0],"37":[0,0],"38":[0,0],"39":[0,0],"40":[0,0],"41":[0,0],"42":[0,0],"43":[0,0],"44":[0,0],"45":[0,0],"46":[0,0],"47":[0,0],"48":[0,0],"49":[0,0],"50":[0,0],"51":[0,0],"52":[0,0],"53":[0,0],"54":[0,0,0],"55":[0,0],"56":[0,0],"57":[0,0],"58":[0,0],"59":[0,0],"60":[0,0,0],"61":[0,0],"62":[0,0],"63":[0,0],"64":[0,0,0],"65":[0,0],"66":[0,0],"67":[0,0]},"_coverageSchema":"1a1c01bbd47fc00a2c39e90264f33305004495a9","hash":"a3d593ecfa7adcede20ad223be8a7f4bbd3b6cc1"}
,"C:\\Desktop\\Software_Project\\server\\routes\\auth.js": {"path":"C:\\Desktop\\Software_Project\\server\\routes\\auth.js","statementMap":{"0":{"start":{"line":1,"column":16},"end":{"line":1,"column":34}},"1":{"start":{"line":2,"column":35},"end":{"line":2,"column":63}},"2":{"start":{"line":3,"column":13},"end":{"line":3,"column":38}},"3":{"start":{"line":12,"column":4},"end":{"line":12,"column":33}},"4":{"start":{"line":14,"column":15},"end":{"line":14,"column":31}},"5":{"start":{"line":17,"column":23},"end":{"line":17,"column":109}},"6":{"start":{"line":18,"column":26},"end":{"line":18,"column":119}},"7":{"start":{"line":21,"column":0},"end":{"line":93,"column":3}},"8":{"start":{"line":30,"column":2},"end":{"line":92,"column":3}},"9":{"start":{"line":31,"column":19},"end":{"line":31,"column":40}},"10":{"start":{"line":32,"column":4},"end":{"line":34,"column":5}},"11":{"start":{"line":33,"column":6},"end":{"line":33,"column":62}},"12":{"start":{"line":36,"column":65},"end":{"line":36,"column":73}},"13":{"start":{"line":39,"column":31},"end":{"line":39,"column":65}},"14":{"start":{"line":40,"column":4},"end":{"line":42,"column":5}},"15":{"start":{"line":41,"column":6},"end":{"line":41,"column":73}},"16":{"start":{"line":45,"column":25},"end":{"line":52,"column":6}},"17":{"start":{"line":54,"column":4},"end":{"line":56,"column":5}},"18":{"start":{"line":55,"column":6},"end":{"line":55,"column":82}},"19":{"start":{"line":59,"column":17},"end":{"line":69,"column":6}},"20":{"start":{"line":72,"column":18},"end":{"line":72,"column":40}},"21":{"start":{"line":73,"column":4},"end":{"line":73,"column":77}},"22":{"start":{"line":75,"column":4},"end":{"line":88,"column":7}},"23":{"start":{"line":90,"column":4},"end":{"line":90,"column":48}},"24":{"start":{"line":91,"column":4},"end":{"line":91,"column":78}},"25":{"start":{"line":96,"column":0},"end":{"line":153,"column":3}},"26":{"start":{"line":100,"column":2},"end":{"line":152,"column":3}},"27":{"start":{"line":101,"column":19},"end":{"li
[...]
n":19},"end":{"line":122,"column":40}},"47":{"start":{"line":123,"column":4},"end":{"line":125,"column":5}},"48":{"start":{"line":124,"column":6},"end":{"line":124,"column":62}},"49":{"start":{"line":127,"column":45},"end":{"line":127,"column":54}},"50":{"start":{"line":130,"column":27},"end":{"line":130,"column":90}},"51":{"start":{"line":132,"column":25},"end":{"line":143,"column":6}},"52":{"start":{"line":146,"column":24},"end":{"line":146,"column":26}},"53":{"start":{"line":147,"column":4},"end":{"line":161,"column":7}},"54":{"start":{"line":148,"column":6},"end":{"line":148,"column":30}},"55":{"start":{"line":148,"column":23},"end":{"line":148,"column":30}},"56":{"start":{"line":149,"column":20},"end":{"line":149,"column":33}},"57":{"start":{"line":150,"column":6},"end":{"line":157,"column":7}},"58":{"start":{"line":151,"column":8},"end":{"line":156,"column":10}},"59":{"start":{"line":158,"column":6},"end":{"line":158,"column":45}},"60":{"start":{"line":159,"column":6},"end":{"line":159,"column":69}},"61":{"start":{"line":159,"column":38},"end":{"line":159,"column":69}},"62":{"start":{"line":160,"column":6},"end":{"line":160,"column":69}},"63":{"start":{"line":160,"column":38},"end":{"line":160,"column":69}},"64":{"start":{"line":163,"column":4},"end":{"line":163,"column":58}},"65":{"start":{"line":165,"column":4},"end":{"line":165,"column":61}},"66":{"start":{"line":166,"column":4},"end":{"line":166,"column":85}},"67":{"start":{"line":171,"column":0},"end":{"line":225,"column":3}},"68":{"start":{"line":177,"column":2},"end":{"line":224,"column":3}},"69":{"start":{"line":178,"column":19},"end":{"line":178,"column":40}},"70":{"start":{"line":179,"column":4},"end":{"line":181,"column":5}},"71":{"start":{"line":180,"column":6},"end":{"line":180,"column":62}},"72":{"start":{"line":183,"column":62},"end":{"line":183,"column":71}},"73":{"start":{"line":186,"column":27},"end":{"line":186,"column":90}},"74":{"start":{"line":188,"column":18},"end":{"line":197,"column":6}},"75":{"start":{"line":200,"column":20},"end":{"line":200,"column":22}},"76":{"start":{"line":201,"column":4},"end":{"line":218,"column":7}},"77":{"start":{"line":202,"column":19},"end":{"line":202,"column":33}},"78":{"start":{"line":204,"column":6},"end":{"line":211,"column":7}},"79":{"start":{"line":205,"column":8},"end":{"line":205,"column":47}},"80":{"start":{"line":206,"column":13},"end":{"line":211,"column":7}},"81":{"start":{"line":207,"column":21},"end":{"line":207,"column":55}},"82":{"start":{"line":208,"column":8},"end":{"line":208,"column":47}},"83":{"start":{"line":210,"column":8},"end":{"line":210,"column":86}},"84":{"start":{"line":213,"column":6},"end":{"line":215,"column":7}},"85":{"start":{"line":214,"column":8},"end":{"line":214,"column":63}},"86":{"start":{"line":216,"column":6},"end":{"line":216,"column":63}},"87":{"start":{"line":217,"column":6},"end":{"line":217,"column":31}},"88":{"start":{"line":220,"column":4},"end":{"line":220,"column":50}},"89":{"start":{"line":222,"column":4},"end":{"line":222,"column":50}},"90":{"start":{"line":223,"column":4},"end":{"line":223,"column":74}},"91":{"start":{"line":228,"column":0},"end":{"line":274,"column":3}},"92":{"start":{"line":231,"column":2},"end":{"line":273,"column":3}},"93":{"start":{"line":232,"column":19},"end":{"line":232,"column":40}},"94":{"start":{"line":233,"column":4},"end":{"line":235,"column":5}},"95":{"start":{"line":234,"column":6},"end":{"line":234,"column":62}},"96":{"start":{"line":237,"column":25},"end":{"line":237,"column":34}},"97":{"start":{"line":240,"column":27},"end":{"line":240,"column":90}},"98":{"start":{"line":242,"column":21},"end":{"line":244,"column":6}},"99":{"start":{"line":246,"column":25},"end":{"line":250,"column":5}},"100":{"start":{"line":252,"column":4},"end":{"line":267,"column":7}},"101":{"start":{"line":254,"column":21},"end":{"line":254,"column":35}},"102":{"start":{"line":255,"column":6},"end":{"line":257,"column":7}},"103":{"start":{"line":256,"column":8},"end":{"line":256,"column":50}},"104":{"start":{"line":260,"column":6},"end":{"line":266,"column":7}},"105":{"start":{"line":261,"column":20},"end":{"line":261,"column":90}},"106":{"start":{"line":262,"column":8},"end":{"line":265,"column":51}},"107":{"start":{"line":262,"column":23},"end":{"line":262,"column":62}},"108":{"start":{"line":263,"column":13},"end":{"line":265,"column":51}},"109":{"start":{"line":263,"column":28},"end":{"line":263,"column":68}},"110":{"start":{"line":264,"column":13},"end":{"line":265,"column":51}},"111":{"start":{"line":264,"column":28},"end":{"line":264,"column":68}},"112":{"start":{"line":265,"column":13},"end":{"line":265,"column":51}},"113":{"start":{"line":269,"column":4},"end":{"line":269,"column":31}},"114":{"start":{"line":271,"column":4},"end":{"line":271,"column":63}},"115":{"start":{"line":272,"column":4},"end":{"line":272,"column":87}},"116":{"start":{"line":277,"column":0},"end":{"line":320,"column":3}},"117":{"start":{"line":282,"column":2},"end":{"line":319,"column":3}},"118":{"start":{"line":283,"column":19},"end":{"line":283,"column":40}},"119":{"start":{"line":284,"column":4},"end":{"line":286,"column":5}},"120":{"start":{"line":285,"column":6},"end":{"line":285,"column":62}},"121":{"start":{"line":288,"column":45},"end":{"line":288,"column":54}},"122":{"start":{"line":291,"column":27},"end":{"line":291,"column":90}},"123":{"start":{"line":293,"column":25},"end":{"line":301,"column":6}},"124":{"start":{"line":304,"column":23},"end":{"line":304,"column":25}},"125":{"start":{"line":305,"column":4},"end":{"line":308,"column":7}},"126":{"start":{"line":306,"column":19},"end":{"line":306,"column":62}},"127":{"start":{"line":307,"column":6},"end":{"line":307,"column":53}},"128":{"start":{"line":310,"column":22},"end":{"line":313,"column":39}},"129":{"start":{"line":310,"column":73},"end":{"line":313,"column":5}},"130":{"start":{"line":313,"column":23},"end":{"line":313,"column":38}},"131":{"start":{"line":315,"column":4},"end":{"line":315,"column":28}},"132":{"start":{"line":317,"column":4},"end":{"line":317,"column":53}},"133":{"start":{"line":318,"column":4},"end":{"line":318,"column":77}},"134":{"start":{"line":323,"column":0},"end":{"line":353,"column":3}},"135":{"start":{"line":324,"column":2},"end":{"line":352,"column":3}},"136":{"start":{"line":325,"column":21},"end":{"line":325,"column":31}},"137":{"start":{"line":326,"column":75},"end":{"line":326,"column":84}},"138":{"start":{"line":328,"column":4},"end":{"line":330,"column":5}},"139":{"start":{"line":329,"column":6},"end":{"line":329,"column":82}},"140":{"start":{"line":332,"column":4},"end":{"line":334,"column":5}},"141":{"start":{"line":333,"column":6},"end":{"line":333,"column":69}},"142":{"start":{"line":337,"column":27},"end":{"line":337,"column":90}},"143":{"start":{"line":341,"column":21},"end":{"line":341,"column":81}},"144":{"start":{"line":343,"column":4},"end":{"line":348,"column":7}},"145":{"start":{"line":350,"column":4},"end":{"line":350,"column":49}},"146":{"start":{"line":351,"column":4},"end":{"line":351,"column":64}},"147":{"start":{"line":357,"column":0},"end":{"line":357,"column":24}}},"fnMap":{"0":{"name":"(anonymous_0)","decl":{"start":{"line":14,"column":108},"end":{"line":14,"column":109}},"loc":{"start":{"line":14,"column":128},"end":{"line":56,"column":1}},"line":14},"1":{"name":"(anonymous_1)","decl":{"start":{"line":64,"column":3},"end":{"line":64,"column":4}},"loc":{"start":{"line":64,"column":23},"end":{"line":113,"column":1}},"line":64},"2":{"name":"(anonymous_2)","decl":{"start":{"line":88,"column":25},"end":{"line":88,"column":26}},"loc":{"start":{"line":88,"column":32},"end":{"line":106,"column":5}},"line":88},"3":{"name":"(anonymous_3)","decl":{"start":{"line":120,"column":3},"end":{"line":120,"column":4}},"loc":{"start":{"line":120,"column":23},"end":{"line":168,"column":1}},"line":120},"4":{"name":"(anonymous_4)","decl":{"start":{"line":147,"column":25},"end":{"line":147,"column":26}},"loc":{"start":{"line":147,"column":32},"end":{"line":161,"column":5}},"line":147},"5":{"name":"(anonymous_5)","decl":{"start":{"line":176,"column":3},"end":{"line":176,"column":4}},"loc":{"start":{"line":176,"column":23},"end":{"line":225,"column":1}},"line":176},"6":{"name":"(anonymous_6)","decl":{"start":{"line":201,"column":18},"end":{"line":201,"column":19}},"loc":{"start":{"line":201,"column":26},"end":{"line":218,"column":5}},"line":201},"7":{"name":"(anonymous_7)","decl":{"start":{"line":230,"column":3},"end":{"line":230,"column":4}},"loc":{"start":{"line":230,"column":23},"end":{"line":274,"column":1}},"line":230},"8":{"name":"(anonymous_8)","decl":{"start":{"line":252,"column":21},"end":{"line":252,"column":22}},"loc":{"start":{"line":252,"column":32},"end":{"line":267,"column":5}},"line":252},"9":{"name":"(anonymous_9)","decl":{"start":{"line":281,"column":3},"end":{"line":281,"column":4}},"loc":{"start":{"line":281,"column":23},"end":{"line":320,"column":1}},"line":281},"10":{"name":"(anonymous_10)","decl":{"start":{"line":305,"column":25},"end":{"line":305,"column":26}},"loc":{"start":{"line":305,"column":32},"end":{"line":308,"column":5}},"line":305},"11":{"name":"(anonymous_11)","decl":{"start":{"line":310,"column":53},"end":{"line":310,"column":54}},"loc":{"start":{"line":310,"column":73},"end":{"line":313,"column":5}},"line":310},"12":{"name":"(anonymous_12)","decl":{"start":{"line":313,"column":13},"end":{"line":313,"column":14}},"loc":{"start":{"line":313,"column":23},"end":{"line":313,"column":38}},"line":313},"13":{"name":"(anonymous_13)","decl":{"start":{"line":323,"column":83},"end":{"line":323,"column":84}},"loc":{"start":{"line":323,"column":103},"end":{"line":353,"column":1}},"line":323}},"branchMap":{"0":{"loc":{"start":{"line":19,"column":27},"end":{"line":19,"column":90}},"type":"cond-expr","locations":[{"start":{"line":19,"column":62},"end":{"line":19,"column":70}},{"start":{"line":19,"column":73},"end":{"line":19,"column":90}}],"line":19},"1":{"loc":{"start":{"line":22,"column":4},"end":{"line":27,"column":5}},"type":"if","locations":[{"start":{"line":22,"column":4},"end":{"line":27,"column":5}},{"start":{},"end":{}}],"line":22},"2":{"loc":{"start":{"line":22,"column":8},"end":{"line":22,"column":28}},"type":"binary-expr","locations":[{"start":{"line":22,"column":8},"end":{"line":22,"column":17}},{"start":{"line":22,"column":21},"end":{"line":22,"column":28}}],"line":22},"3":{"loc":{"start":{"line":48,"column":40},"end":{"line":48,"column":52}},"type":"binary-expr","locations":[{"start":{"line":48,"column":40},"end":{"line":48,"column":47}},{"start":{"line":48,"column":51},"end":{"line":48,"column":52}}],"line":48},"4":{"loc":{"start":{"line":67,"column":4},"end":{"line":69,"column":5}},"type":"if","locations":[{"start":{"line":67,"column":4},"end":{"line":69,"column":5}},{"start":{},"end":{}}],"line":67},"5":{"loc":{"start":{"line":71,"column":42},"end":{"line":71,"column":57}},"type":"default-arg","locations":[{"start":{"line":71,"column":52},"end":{"line":71,"column":57}}],"line":71},"6":{"loc":{"start":{"line":74,"column":27},"end":{"line":74,"column":90}},"type":"cond-expr","locations":[{"start":{"line":74,"column":62},"end":{"line":74,"column":70}},{"start":{"line":74,"column":73},"end":{"line":74,"column":90}}],"line":74},"7":{"loc":{"start":{"line":91,"column":6},"end":{"line":98,"column":7}},"type":"if","locations":[{"start":{"line":91,"column":6},"end":{"line":98,"column":7}},{"start":{"line":93,"column":13},"end":{"line":98,"column":7}}],"line":91},"8":{"loc":{"start":{"line":93,"column":13},"end":{"line":98,"column":7}},"type":"if","locations":[{"start":{"line":93,"column":13},"end":{"line":98,"column":7}},{"start":{"line":96,"column":13},"end":{"line":98,"column":7}}],"line":93},"9":{"loc":{"start":{"line":100,"column":6},"end":{"line":102,"column":7}},"type":"if","locations":[{"start":{"line":100,"column":6},"end":{"line":102,"column":7}},{"start":{},"end":{}}],"line":100},"10":{"loc":{"start":{"line":104,"column":6},"end":{"line":104,"column":63}},"type":"if","locations":[{"start":{"line":104,"column":6},"end":{"line":104,"column":63}},{"start":{},"end":{}}],"line":104},"11":{"loc":{"start":{"line":105,"column":6},"end":{"line":105,"column":63}},"type":"if","locations":[{"start":{"line":105,"column":6},"end":{"line":105,"column":63}},{"start":{},"end":{}}],"line":105},"12":{"loc":{"start":{"line":123,"column":4},"end":{"line":125,"column":5}},"type":"if","locations":[{"start":{"line":123,"column":4},"end":{"line":125,"column":5}},{"start":{},"end":{}}],"line":123},"13":{"loc":{"start":{"line":130,"column":27},"end":{"line":130,"column":90}},"type":"cond-expr","locations":[{"start":{"line":130,"column":62},"end":{"line":130,"column":70}},{"start":{"line":130,"column":73},"end":{"line":130,"column":90}}],"line":130},"14":{"loc":{"start":{"line":148,"column":6},"end":{"line":148,"column":30}},"type":"if","locations":[{"start":{"line":148,"column":6},"end":{"line":148,"column":30}},{"start":{},"end":{}}],"line":148},"15":{"loc":{"start":{"line":150,"column":6},"end":{"line":157,"column":7}},"type":"if","locations":[{"start":{"line":150,"column":6},"end":{"line":157,"column":7}},{"start":{},"end":{}}],"line":150},"16":{"loc":{"start":{"line":159,"column":6},"end":{"line":159,"column":69}},"type":"if","locations":[{"start":{"line":159,"column":6},"end":{"line":159,"column":69}},{"start":{},"end":{}}],"line":159},"17":{"loc":{"start":{"line":160,"column":6},"end":{"line":160,"column":69}},"type":"if","locations":[{"start":{"line":160,"column":6},"end":{"line":160,"column":69}},{"start":{},"end":{}}],"line":160},"18":{"loc":{"start":{"line":179,"column":4},"end":{"line":181,"column":5}},"type":"if","locations":[{"start":{"line":179,"column":4},"end":{"line":181,"column":5}},{"start":{},"end":{}}],"line":179},"19":{"loc":{"start":{"line":183,"column":42},"end":{"line":183,"column":57}},"type":"default-arg","locations":[{"start":{"line":183,"column":52},"end":{"line":183,"column":57}}],"line":183},"20":{"loc":{"start":{"line":186,"column":27},"end":{"line":186,"column":90}},"type":"cond-expr","locations":[{"start":{"line":186,"column":62},"end":{"line":186,"column":70}},{"start":{"line":186,"column":73},"end":{"line":186,"column":90}}],"line":186},"21":{"loc":{"start":{"line":204,"column":6},"end":{"line":211,"column":7}},"type":"if","locations":[{"start":{"line":204,"column":6},"end":{"line":211,"column":7}},{"start":{"line":206,"column":13},"end":{"line":211,"column":7}}],"line":204},"22":{"loc":{"start":{"line":206,"column":13},"end":{"line":211,"column":7}},"type":"if","locations":[{"start":{"line":206,"column":13},"end":{"line":211,"column":7}},{"start":{"line":209,"column":13},"end":{"line":211,"column":7}}],"line":206},"23":{"loc":{"start":{"line":213,"column":6},"end":{"line":215,"column":7}},"type":"if","locations":[{"start":{"line":213,"column":6},"end":{"line":215,"column":7}},{"start":{},"end":{}}],"line":213},"24":{"loc":{"start":{"line":216,"column":30},"end":{"line":216,"column":62}},"type":"binary-expr","locations":[{"start":{"line":216,"column":30},"end":{"line":216,"column":57}},{"start":{"line":216,"column":61},"end":{"line":216,"column":62}}],"line":216},"25":{"loc":{"start":{"line":233,"column":4},"end":{"line":235,"column":5}},"type":"if","locations":[{"start":{"line":233,"column":4},"end":{"line":235,"column":5}},{"start":{},"end":{}}],"line":233},"26":{"loc":{"start":{"line":240,"column":27},"end":{"line":240,"column":90}},"type":"cond-expr","locations":[{"start":{"line":240,"column":62},"end":{"line":240,"column":70}},{"start":{"line":240,"column":73},"end":{"line":240,"column":90}}],"line":240},"27":{"loc":{"start":{"line":255,"column":6},"end":{"line":257,"column":7}},"type":"if","locations":[{"start":{"line":255,"column":6},"end":{"line":257,"column":7}},{"start":{},"end":{}}],"line":255},"28":{"loc":{"start":{"line":260,"column":6},"end":{"line":266,"column":7}},"type":"if","locations":[{"start":{"line":260,"column":6},"end":{"line":266,"column":7}},{"start":{},"end":{}}],"line":260},"29":{"loc":{"start":{"line":262,"column":8},"end":{"line":265,"column":51}},"type":"if","locations":[{"start":{"line":262,"column":8},"end":{"line":265,"column":51}},{"start":{"line":263,"column":13},"end":{"line":265,"column":51}}],"line":262},"30":{"loc":{"start":{"line":263,"column":13},"end":{"line":265,"column":51}},"type":"if","locations":[{"start":{"line":263,"column":13},"end":{"line":265,"column":51}},{"start":{"line":264,"column":13},"end":{"line":265,"column":51}}],"line":263},"31":{"loc":{"start":{"line":264,"column":13},"end":{"line":265,"column":51}},"type":"if","locations":[{"start":{"line":264,"column":13},"end":{"line":265,"column":51}},{"start":{"line":265,"column":13},"end":{"line":265,"column":51}}],"line":264},"32":{"loc":{"start":{"line":284,"column":4},"end":{"line":286,"column":5}},"type":"if","locations":[{"start":{"line":284,"column":4},"end":{"line":286,"column":5}},{"start":{},"end":{}}],"line":284},"33":{"loc":{"start":{"line":291,"column":27},"end":{"line":291,"column":90}},"type":"cond-expr","locations":[{"start":{"line":291,"column":62},"end":{"line":291,"column":70}},{"start":{"line":291,"column":73},"end":{"line":291,"column":90}}],"line":291},"34":{"loc":{"start":{"line":307,"column":26},"end":{"line":307,"column":47}},"type":"binary-expr","locations":[{"start":{"line":307,"column":26},"end":{"line":307,"column":42}},{"start":{"line":307,"column":46},"end":{"line":307,"column":47}}],"line":307},"35":{"loc":{"start":{"line":326,"column":54},"end":{"line":326,"column":70}},"type":"default-arg","locations":[{"start":{"line":326,"column":63},"end":{"line":326,"column":70}}],"line":326},"36":{"loc":{"start":{"line":328,"column":4},"end":{"line":330,"column":5}},"type":"if","locations":[{"start":{"line":328,"column":4},"end":{"line":330,"column":5}},{"start":{},"end":{}}],"line":328},"37":{"loc":{"start":{"line":332,"column":4},"end":{"line":334,"column":5}},"type":"if","locations":[{"start":{"line":332,"column":4},"end":{"line":334,"column":5}},{"start":{},"end":{}}],"line":332},"38":{"loc":{"start":{"line":337,"column":27},"end":{"line":337,"column":90}},"type":"cond-expr","locations":[{"start":{"line":337,"column":62},"end":{"line":337,"column":70}},{"start":{"line":337,"column":73},"end":{"line":337,"column":90}}],"line":337}},"s":{"0":0,"1":0,"2":0,"3":0,"4":0,"5":0,"6":0,"7":0,"8":0,"9":0,"10":0,"11":0,"12":0,"13":0,"14":0,"15":0,"16":0,"17":0,"18":0,"19":0,"20":0,"21":0,"22":0,"23":0,"24":0,"25":0,"26":0,"27":0,"28":0,"29":0,"30":0,"31":0,"32":0,"33":0,"34":0,"35":0,"36":0,"37":0,"38":0,"39":0,"40":0,"41":0,"42":0,"43":0,"44":0,"45":0,"46":0,"47":0,"48":0,"49":0,"50":0,"51":0,"52":0,"53":0,"54":0,"55":0,"56":0,"57":0,"58":0,"59":0,"60":0,"61":0,"62":0,"63":0,"64":0,"65":0,"66":0,"67":0,"68":0,"69":0,"70":0,"71":0,"72":0,"73":0,"74":0,"75":0,"76":0,"77":0,"78":0,"79":0,"80":0,"81":0,"82":0,"83":0,"84":0,"85":0,"86":0,"87":0,"88":0,"89":0,"90":0,"91":0,"92":0,"93":0,"94":0,"95":0,"96":0,"97":0,"98":0,"99":0,"100":0,"101":0,"102":0,"103":0,"104":0,"105":0,"106":0,"107":0,"108":0,"109":0,"110":0,"111":0,"112":0,"113":0,"114":0,"115":0,"116":0,"117":0,"118":0,"119":0,"120":0,"121":0,"122":0,"123":0,"124":0,"125":0,"126":0,"127":0,"128":0,"129":0,"130":0,"131":0,"132":0,"133":0,"134":0,"135":0,"136":0,"137":0,"138":0,"139":0,"140":0,"141":0,"142":0,"143":0,"144":0,"145":0,"146":0,"147":0},"f":{"0":0,"1":0,"2":0,"3":0,"4":0,"5":0,"6":0,"7":0,"8":0,"9":0,"10":0,"11":0,"12":0,"13":0},"b":{"0":[0,0],"1":[0,0],"2":[0,0],"3":[0,0],"4":[0,0],"5":[0],"6":[0,0],"7":[0,0],"8":[0,0],"9":[0,0],"10":[0,0],"11":[0,0],"12":[0,0],"13":[0,0],"14":[0,0],"15":[0,0],"16":[0,0],"17":[0,0],"18":[0,0],"19":[0],"20":[0,0],"21":[0,0],"22":[0,0],"23":[0,0],"24":[0,0],"25":[0,0],"26":[0,0],"27":[0,0],"28":[0,0],"29":[0,0],"30":[0,0],"31":[0,0],"32":[0,0],"33":[0,0],"34":[0,0],"35":[0],"36":[0,0],"37":[0,0],"38":[0,0]}}
}
