TN:
SF:middleware\auth.js
FN:5,(anonymous_0)
FN:33,(anonymous_1)
FN:34,(anonymous_2)
FN:48,(anonymous_3)
FN:49,(anonymous_4)
FN:63,(anonymous_5)
FN:89,(anonymous_6)
FN:90,(anonymous_7)
FN:93,(anonymous_8)
FN:95,(anonymous_9)
FN:129,(anonymous_10)
FN:142,(anonymous_11)
FN:174,(anonymous_12)
FN:183,(anonymous_13)
FN:192,(anonymous_14)
FNF:15
FNH:0
FNDA:0,(anonymous_0)
FNDA:0,(anonymous_1)
FNDA:0,(anonymous_2)
FNDA:0,(anonymous_3)
FNDA:0,(anonymous_4)
FNDA:0,(anonymous_5)
FNDA:0,(anonymous_6)
FNDA:0,(anonymous_7)
FNDA:0,(anonymous_8)
FNDA:0,(anonymous_9)
FNDA:0,(anonymous_10)
FNDA:0,(anonymous_11)
FNDA:0,(anonymous_12)
FNDA:0,(anonymous_13)
FNDA:0,(anonymous_14)
DA:1,0
DA:2,0
DA:5,0
DA:6,0
DA:7,0
DA:9,0
DA:10,0
DA:13,0
DA:14,0
DA:18,0
DA:19,0
DA:23,0
DA:24,0
DA:25,0
DA:27,0
DA:28,0
DA:33,0
DA:34,0
DA:35,0
DA:36,0
DA:39,0
DA:40,0
DA:43,0
DA:48,0
DA:49,0
DA:50,0
DA:51,0
DA:54,0
DA:55,0
DA:58,0
DA:63,0
DA:64,0
DA:66,0
DA:67,0
DA:70,0
DA:72,0
DA:73,0
DA:77,0
DA:78,0
DA:81,0
DA:83,0
DA:84,0
DA:89,0
DA:90,0
DA:91,0
DA:93,0
DA:95,0
DA:96,0
DA:97,0
DA:112,0
DA:117,0
DA:121,0
DA:124,0
DA:129,0
DA:130,0
DA:132,0
DA:142,0
DA:143,0
DA:144,0
DA:145,0
DA:146,0
DA:147,0
DA:149,0
DA:151,0
DA:152,0
DA:154,0
DA:155,0
DA:157,0
DA:158,0
DA:160,0
DA:161,0
DA:163,0
DA:164,0
DA:167,0
DA:174,0
DA:175,0
DA:176,0
DA:178,0
DA:183,0
DA:184,0
DA:192,0
DA:193,0
DA:194,0
DA:196,0
DA:197,0
DA:200,0
DA:201,0
DA:203,0
DA:204,0
DA:207,0
DA:209,0
DA:220,0
DA:221,0
DA:225,0
LF:94
LH:0
BRDA:9,0,0,0
BRDA:9,0,1,0
BRDA:13,1,0,0
BRDA:13,1,1,0
BRDA:18,2,0,0
BRDA:18,2,1,0
BRDA:18,3,0,0
BRDA:18,3,1,0
BRDA:35,4,0,0
BRDA:35,4,1,0
BRDA:39,5,0,0
BRDA:39,5,1,0
BRDA:39,6,0,0
BRDA:39,6,1,0
BRDA:50,7,0,0
BRDA:50,7,1,0
BRDA:54,8,0,0
BRDA:54,8,1,0
BRDA:66,9,0,0
BRDA:66,9,1,0
BRDA:70,10,0,0
BRDA:70,10,1,0
BRDA:70,10,2,0
BRDA:72,11,0,0
BRDA:72,11,1,0
BRDA:77,12,0,0
BRDA:77,12,1,0
BRDA:106,13,0,0
BRDA:106,13,1,0
BRDA:151,14,0,0
BRDA:151,14,1,0
BRDA:154,15,0,0
BRDA:154,15,1,0
BRDA:157,16,0,0
BRDA:157,16,1,0
BRDA:160,17,0,0
BRDA:160,17,1,0
BRDA:163,18,0,0
BRDA:163,18,1,0
BRDA:186,19,0,0
BRDA:186,19,1,0
BRDA:187,20,0,0
BRDA:187,20,1,0
BRDA:196,21,0,0
BRDA:196,21,1,0
BRDA:200,22,0,0
BRDA:200,22,1,0
BRDA:203,23,0,0
BRDA:203,23,1,0
BRDA:203,24,0,0
BRDA:203,24,1,0
BRF:51
BRH:0
end_of_record
TN:
SF:models\Appointment.js
FN:159,(anonymous_0)
FN:166,(anonymous_1)
FNF:2
FNH:0
FNDA:0,(anonymous_0)
FNDA:0,(anonymous_1)
DA:1,0
DA:3,0
DA:159,0
DA:160,0
DA:161,0
DA:162,0
DA:163,0
DA:166,0
DA:167,0
DA:168,0
DA:178,0
DA:181,0
LF:12
LH:0
BRF:0
BRH:0
end_of_record
TN:
SF:models\Bill.js
FN:116,(anonymous_0)
FN:133,(anonymous_1)
FN:137,(anonymous_2)
FNF:3
FNH:0
FNDA:0,(anonymous_0)
FNDA:0,(anonymous_1)
FNDA:0,(anonymous_2)
DA:1,0
DA:3,0
DA:117,0
DA:118,0
DA:119,0
DA:120,0
DA:126,0
DA:133,0
DA:134,0
DA:135,0
DA:137,0
DA:138,0
DA:140,0
DA:141,0
DA:142,0
DA:144,0
DA:148,0
DA:149,0
DA:150,0
DA:152,0
DA:156,0
DA:157,0
DA:160,0
DA:161,0
DA:162,0
DA:164,0
DA:165,0
DA:166,0
DA:167,0
DA:170,0
DA:171,0
DA:175,0
LF:32
LH:0
BRDA:117,0,0,0
BRDA:117,0,1,0
BRDA:135,1,0,0
BRDA:135,1,1,0
BRDA:140,2,0,0
BRDA:140,2,1,0
BRDA:141,3,0,0
BRDA:141,3,1,0
BRDA:148,4,0,0
BRDA:148,4,1,0
BRDA:149,5,0,0
BRDA:149,5,1,0
BRDA:164,6,0,0
BRDA:164,6,1,0
BRDA:166,7,0,0
BRDA:166,7,1,0
BRDA:170,8,0,0
BRDA:170,8,1,0
BRDA:170,9,0,0
BRDA:170,9,1,0
BRDA:170,9,2,0
BRF:21
BRH:0
end_of_record
TN:
SF:models\Clinic.js
FN:119,(anonymous_0)
FN:131,(anonymous_1)
FNF:2
FNH:0
FNDA:0,(anonymous_0)
FNDA:0,(anonymous_1)
DA:1,0
DA:3,0
DA:119,0
DA:120,0
DA:121,0
DA:122,0
DA:124,0
DA:126,0
DA:127,0
DA:131,0
DA:132,0
DA:140,0
LF:12
LH:0
BRDA:119,0,0,0
BRDA:124,1,0,0
BRDA:124,1,1,0
BRDA:124,2,0,0
BRDA:124,2,1,0
BRDA:127,3,0,0
BRDA:127,3,1,0
BRF:7
BRH:0
end_of_record
TN:
SF:models\InsuranceClaim.js
FN:169,(anonymous_0)
FN:186,(anonymous_1)
FN:192,(anonymous_2)
FN:203,(anonymous_3)
FN:215,(anonymous_4)
FN:226,(anonymous_5)
FN:229,(anonymous_6)
FNF:7
FNH:0
FNDA:0,(anonymous_0)
FNDA:0,(anonymous_1)
FNDA:0,(anonymous_2)
FNDA:0,(anonymous_3)
FNDA:0,(anonymous_4)
FNDA:0,(anonymous_5)
FNDA:0,(anonymous_6)
DA:1,0
DA:3,0
DA:170,0
DA:171,0
DA:172,0
DA:173,0
DA:179,0
DA:186,0
DA:187,0
DA:188,0
DA:189,0
DA:191,0
DA:192,0
DA:193,0
DA:194,0
DA:195,0
DA:198,0
DA:199,0
DA:200,0
DA:203,0
DA:204,0
DA:205,0
DA:212,0
DA:215,0
DA:216,0
DA:217,0
DA:223,0
DA:226,0
DA:227,0
DA:228,0
DA:229,0
DA:230,0
DA:234,0
LF:33
LH:0
BRDA:170,0,0,0
BRDA:170,0,1,0
BRDA:191,1,0,0
BRDA:191,1,1,0
BRDA:193,2,0,0
BRDA:193,2,1,0
BRDA:194,3,0,0
BRDA:194,3,1,0
BRDA:195,4,0,0
BRDA:195,4,1,0
BRDA:203,5,0,0
BRDA:204,6,0,0
BRDA:204,6,1,0
BRDA:216,7,0,0
BRDA:216,7,1,0
BRDA:228,8,0,0
BRDA:228,8,1,0
BRDA:230,9,0,0
BRDA:230,9,1,0
BRF:19
BRH:0
end_of_record
TN:
SF:models\Patient.js
FN:147,(anonymous_0)
FN:163,(anonymous_1)
FN:167,(anonymous_2)
FNF:3
FNH:0
FNDA:0,(anonymous_0)
FNDA:0,(anonymous_1)
FNDA:0,(anonymous_2)
DA:1,0
DA:3,0
DA:148,0
DA:149,0
DA:150,0
DA:156,0
DA:163,0
DA:164,0
DA:167,0
DA:168,0
DA:169,0
DA:170,0
DA:171,0
DA:173,0
DA:174,0
DA:177,0
DA:180,0
LF:17
LH:0
BRDA:148,0,0,0
BRDA:148,0,1,0
BRDA:173,1,0,0
BRDA:173,1,1,0
BRDA:173,2,0,0
BRDA:173,2,1,0
BRDA:173,2,2,0
BRF:7
BRH:0
end_of_record
TN:
SF:models\User.js
FN:84,(anonymous_0)
FN:90,(anonymous_1)
FN:100,(anonymous_2)
FN:104,(anonymous_3)
FN:108,(anonymous_4)
FN:124,(anonymous_5)
FNF:6
FNH:0
FNDA:0,(anonymous_0)
FNDA:0,(anonymous_1)
FNDA:0,(anonymous_2)
FNDA:0,(anonymous_3)
FNDA:0,(anonymous_4)
FNDA:0,(anonymous_5)
DA:1,0
DA:2,0
DA:4,0
DA:85,0
DA:86,0
DA:87,0
DA:91,0
DA:92,0
DA:93,0
DA:100,0
DA:101,0
DA:104,0
DA:105,0
DA:108,0
DA:109,0
DA:119,0
DA:120,0
DA:124,0
DA:125,0
DA:135,0
DA:137,0
DA:138,0
DA:141,0
LF:23
LH:0
BRDA:85,0,0,0
BRDA:85,0,1,0
BRDA:91,1,0,0
BRDA:91,1,1,0
BRDA:119,2,0,0
BRDA:119,2,1,0
BRDA:120,3,0,0
BRDA:120,3,1,0
BRDA:120,3,2,0
BRDA:120,4,0,0
BRDA:120,4,1,0
BRDA:135,5,0,0
BRDA:135,5,1,0
BRDA:138,6,0,0
BRDA:138,6,1,0
BRF:15
BRH:0
end_of_record
TN:
SF:models\index.js
FNF:0
FNH:0
DA:1,0
DA:4,0
DA:5,0
DA:6,0
DA:7,0
DA:8,0
DA:9,0
DA:13,0
DA:14,0
DA:15,0
DA:16,0
DA:17,0
DA:20,0
DA:21,0
DA:22,0
DA:25,0
DA:26,0
DA:27,0
DA:28,0
DA:31,0
DA:32,0
DA:33,0
DA:34,0
DA:35,0
DA:38,0
DA:39,0
DA:40,0
DA:41,0
DA:42,0
DA:45,0
DA:46,0
DA:47,0
DA:48,0
DA:50,0
LF:34
LH:0
BRF:0
BRH:0
end_of_record
TN:
SF:routes\appointments.js
FN:14,(anonymous_0)
FN:56,(anonymous_1)
FN:93,(anonymous_2)
FN:159,(anonymous_3)
FN:225,(anonymous_4)
FN:259,(anonymous_5)
FN:298,(anonymous_6)
FN:345,(anonymous_7)
FN:384,(anonymous_8)
FN:433,(anonymous_9)
FN:454,(anonymous_10)
FN:482,(anonymous_11)
FN:487,(anonymous_12)
FN:490,(anonymous_13)
FNF:14
FNH:2
FNDA:1,(anonymous_0)
FNDA:0,(anonymous_1)
FNDA:2,(anonymous_2)
FNDA:0,(anonymous_3)
FNDA:0,(anonymous_4)
FNDA:0,(anonymous_5)
FNDA:0,(anonymous_6)
FNDA:0,(anonymous_7)
FNDA:0,(anonymous_8)
FNDA:0,(anonymous_9)
FNDA:0,(anonymous_10)
FNDA:0,(anonymous_11)
FNDA:0,(anonymous_12)
FNDA:0,(anonymous_13)
DA:1,1
DA:2,1
DA:3,1
DA:4,1
DA:9,1
DA:11,1
DA:14,1
DA:15,1
DA:16,1
DA:17,1
DA:20,1
DA:21,1
DA:22,0
DA:23,0
DA:26,1
DA:27,1
DA:30,1
DA:31,0
DA:34,1
DA:35,0
DA:38,1
DA:48,1
DA:50,0
DA:51,0
DA:56,1
DA:57,0
DA:58,0
DA:67,0
DA:68,0
DA:72,0
DA:74,0
DA:77,0
DA:79,0
DA:80,0
DA:85,1
DA:94,2
DA:95,2
DA:96,2
DA:97,1
DA:100,1
DA:106,1
DA:108,0
DA:112,1
DA:113,1
DA:114,0
DA:118,1
DA:119,1
DA:120,0
DA:124,1
DA:125,1
DA:126,0
DA:130,1
DA:133,1
DA:134,1
DA:135,0
DA:144,1
DA:149,0
DA:150,0
DA:155,1
DA:160,0
DA:161,0
DA:162,0
DA:163,0
DA:166,0
DA:167,0
DA:168,0
DA:172,0
DA:174,0
DA:177,0
DA:178,0
DA:181,0
DA:182,0
DA:183,0
DA:186,0
DA:187,0
DA:188,0
DA:189,0
DA:199,0
DA:200,0
DA:209,0
DA:212,0
DA:214,0
DA:219,0
DA:220,0
DA:225,1
DA:226,0
DA:227,0
DA:228,0
DA:229,0
DA:233,0
DA:235,0
DA:238,0
DA:239,0
DA:242,0
DA:243,0
DA:244,0
DA:246,0
DA:248,0
DA:253,0
DA:254,0
DA:259,1
DA:260,0
DA:261,0
DA:262,0
DA:263,0
DA:267,0
DA:269,0
DA:272,0
DA:273,0
DA:276,0
DA:277,0
DA:279,0
DA:281,0
DA:286,0
DA:287,0
DA:292,1
DA:299,0
DA:300,0
DA:301,0
DA:302,0
DA:305,0
DA:306,0
DA:307,0
DA:311,0
DA:313,0
DA:316,0
DA:317,0
DA:321,0
DA:322,0
DA:323,0
DA:324,0
DA:325,0
DA:327,0
DA:328,0
DA:330,0
DA:332,0
DA:337,0
DA:338,0
DA:343,1
DA:346,0
DA:347,0
DA:348,0
DA:349,0
DA:352,0
DA:353,0
DA:354,0
DA:358,0
DA:360,0
DA:363,0
DA:364,0
DA:367,0
DA:368,0
DA:371,0
DA:373,0
DA:378,0
DA:379,0
DA:384,1
DA:385,0
DA:386,0
DA:388,0
DA:389,0
DA:393,0
DA:395,0
DA:398,0
DA:399,0
DA:400,0
DA:404,0
DA:414,0
DA:415,0
DA:416,0
DA:418,0
DA:419,0
DA:423,0
DA:424,0
DA:425,0
DA:427,0
DA:428,0
DA:429,0
DA:431,0
DA:432,0
DA:433,0
DA:435,0
DA:436,0
DA:439,0
DA:440,0
DA:441,0
DA:442,0
DA:446,0
DA:448,0
DA:449,0
DA:454,1
DA:455,0
DA:456,0
DA:458,0
DA:459,0
DA:463,0
DA:465,0
DA:469,0
DA:481,0
DA:482,0
DA:483,0
DA:484,0
DA:487,0
DA:490,0
DA:492,0
DA:494,0
DA:495,0
DA:499,1
LF:208
LH:44
BRDA:20,0,0,1
BRDA:20,0,1,0
BRDA:22,1,0,0
BRDA:22,1,1,0
BRDA:26,2,0,1
BRDA:26,2,1,0
BRDA:30,3,0,0
BRDA:30,3,1,1
BRDA:34,4,0,0
BRDA:34,4,1,1
BRDA:67,5,0,0
BRDA:67,5,1,0
BRDA:72,6,0,0
BRDA:72,6,1,0
BRDA:72,7,0,0
BRDA:72,7,1,0
BRDA:96,8,0,1
BRDA:96,8,1,1
BRDA:106,9,0,0
BRDA:106,9,1,1
BRDA:106,10,0,1
BRDA:106,10,1,1
BRDA:113,11,0,0
BRDA:113,11,1,1
BRDA:119,12,0,0
BRDA:119,12,1,1
BRDA:119,13,0,1
BRDA:119,13,1,1
BRDA:119,13,2,1
BRDA:125,14,0,0
BRDA:125,14,1,1
BRDA:125,15,0,1
BRDA:125,15,1,1
BRDA:134,16,0,0
BRDA:134,16,1,1
BRDA:162,17,0,0
BRDA:162,17,1,0
BRDA:167,18,0,0
BRDA:167,18,1,0
BRDA:172,19,0,0
BRDA:172,19,1,0
BRDA:172,20,0,0
BRDA:172,20,1,0
BRDA:181,21,0,0
BRDA:181,21,1,0
BRDA:182,22,0,0
BRDA:182,22,1,0
BRDA:183,23,0,0
BRDA:183,23,1,0
BRDA:186,24,0,0
BRDA:186,24,1,0
BRDA:186,25,0,0
BRDA:186,25,1,0
BRDA:188,26,0,0
BRDA:188,26,1,0
BRDA:199,27,0,0
BRDA:199,27,1,0
BRDA:205,28,0,0
BRDA:205,28,1,0
BRDA:228,29,0,0
BRDA:228,29,1,0
BRDA:233,30,0,0
BRDA:233,30,1,0
BRDA:233,31,0,0
BRDA:233,31,1,0
BRDA:238,32,0,0
BRDA:238,32,1,0
BRDA:262,33,0,0
BRDA:262,33,1,0
BRDA:267,34,0,0
BRDA:267,34,1,0
BRDA:267,35,0,0
BRDA:267,35,1,0
BRDA:272,36,0,0
BRDA:272,36,1,0
BRDA:301,37,0,0
BRDA:301,37,1,0
BRDA:306,38,0,0
BRDA:306,38,1,0
BRDA:311,39,0,0
BRDA:311,39,1,0
BRDA:311,40,0,0
BRDA:311,40,1,0
BRDA:316,41,0,0
BRDA:316,41,1,0
BRDA:321,42,0,0
BRDA:321,42,1,0
BRDA:322,43,0,0
BRDA:322,43,1,0
BRDA:323,44,0,0
BRDA:323,44,1,0
BRDA:324,45,0,0
BRDA:324,45,1,0
BRDA:325,46,0,0
BRDA:325,46,1,0
BRDA:348,47,0,0
BRDA:348,47,1,0
BRDA:353,48,0,0
BRDA:353,48,1,0
BRDA:358,49,0,0
BRDA:358,49,1,0
BRDA:358,50,0,0
BRDA:358,50,1,0
BRDA:363,51,0,0
BRDA:363,51,1,0
BRDA:368,52,0,0
BRDA:368,52,1,0
BRDA:388,53,0,0
BRDA:388,53,1,0
BRDA:388,54,0,0
BRDA:388,54,1,0
BRDA:388,54,2,0
BRDA:393,55,0,0
BRDA:393,55,1,0
BRDA:393,56,0,0
BRDA:393,56,1,0
BRDA:399,57,0,0
BRDA:399,57,1,0
BRDA:418,58,0,0
BRDA:418,58,1,0
BRDA:418,59,0,0
BRDA:418,59,1,0
BRDA:431,60,0,0
BRDA:431,60,1,0
BRDA:431,60,2,0
BRDA:435,61,0,0
BRDA:435,61,1,0
BRDA:440,62,0,0
BRDA:440,62,1,0
BRDA:458,63,0,0
BRDA:458,63,1,0
BRDA:458,64,0,0
BRDA:458,64,1,0
BRDA:458,64,2,0
BRDA:463,65,0,0
BRDA:463,65,1,0
BRDA:463,66,0,0
BRDA:463,66,1,0
BRDA:484,67,0,0
BRDA:484,67,1,0
BRF:140
BRH:18
end_of_record
TN:
SF:routes\auth.js
FN:29,(anonymous_0)
FN:99,(anonymous_1)
FN:156,(anonymous_2)
FN:175,(anonymous_3)
FN:218,(anonymous_4)
FN:256,(anonymous_5)
FN:261,(anonymous_6)
FN:279,(anonymous_7)
FN:314,(anonymous_8)
FNF:9
FNH:2
FNDA:2,(anonymous_0)
FNDA:4,(anonymous_1)
FNDA:0,(anonymous_2)
FNDA:0,(anonymous_3)
FNDA:0,(anonymous_4)
FNDA:0,(anonymous_5)
FNDA:0,(anonymous_6)
FNDA:0,(anonymous_7)
FNDA:0,(anonymous_8)
DA:1,1
DA:2,1
DA:3,1
DA:12,1
DA:14,1
DA:17,1
DA:18,1
DA:21,1
DA:30,2
DA:31,2
DA:32,2
DA:33,1
DA:36,1
DA:39,1
DA:40,1
DA:41,0
DA:45,1
DA:54,1
DA:55,0
DA:59,1
DA:72,1
DA:73,1
DA:75,1
DA:90,0
DA:91,0
DA:96,1
DA:100,4
DA:101,4
DA:102,4
DA:103,1
DA:106,3
DA:109,3
DA:110,3
DA:120,3
DA:121,1
DA:125,2
DA:126,2
DA:127,1
DA:131,1
DA:132,1
DA:134,1
DA:150,0
DA:151,0
DA:156,1
DA:157,0
DA:158,0
DA:162,0
DA:164,0
DA:165,0
DA:170,1
DA:176,0
DA:177,0
DA:178,0
DA:179,0
DA:182,0
DA:183,0
DA:185,0
DA:186,0
DA:190,0
DA:191,0
DA:192,0
DA:193,0
DA:195,0
DA:209,0
DA:210,0
DA:215,1
DA:219,0
DA:220,0
DA:221,0
DA:222,0
DA:225,0
DA:226,0
DA:228,0
DA:229,0
DA:233,0
DA:234,0
DA:235,0
DA:239,0
DA:240,0
DA:241,0
DA:245,0
DA:246,0
DA:248,0
DA:250,0
DA:251,0
DA:256,1
DA:257,0
DA:261,1
DA:262,0
DA:279,1
DA:280,0
DA:281,0
DA:282,0
DA:283,0
DA:285,0
DA:286,0
DA:287,0
DA:289,0
DA:297,0
DA:306,0
DA:307,0
DA:312,1
DA:315,0
DA:316,0
DA:317,0
DA:318,0
DA:321,0
DA:322,0
DA:324,0
DA:326,0
DA:327,0
DA:330,0
DA:331,0
DA:333,0
DA:347,0
DA:348,0
DA:352,1
LF:117
LH:45
BRDA:32,0,0,1
BRDA:32,0,1,1
BRDA:40,1,0,0
BRDA:40,1,1,1
BRDA:47,2,0,1
BRDA:47,2,1,1
BRDA:54,3,0,0
BRDA:54,3,1,1
BRDA:102,4,0,1
BRDA:102,4,1,3
BRDA:120,5,0,1
BRDA:120,5,1,2
BRDA:126,6,0,1
BRDA:126,6,1,1
BRDA:178,7,0,0
BRDA:178,7,1,0
BRDA:185,8,0,0
BRDA:185,8,1,0
BRDA:190,9,0,0
BRDA:190,9,1,0
BRDA:191,10,0,0
BRDA:191,10,1,0
BRDA:192,11,0,0
BRDA:192,11,1,0
BRDA:221,12,0,0
BRDA:221,12,1,0
BRDA:228,13,0,0
BRDA:228,13,1,0
BRDA:234,14,0,0
BRDA:234,14,1,0
BRDA:240,15,0,0
BRDA:240,15,1,0
BRDA:281,16,0,0
BRDA:281,17,0,0
BRDA:285,18,0,0
BRDA:285,18,1,0
BRDA:286,19,0,0
BRDA:286,19,1,0
BRDA:287,20,0,0
BRDA:287,20,1,0
BRDA:317,21,0,0
BRDA:317,21,1,0
BRDA:326,22,0,0
BRDA:326,22,1,0
BRDA:334,23,0,0
BRDA:334,23,1,0
BRF:46
BRH:12
end_of_record
TN:
SF:routes\billing.js
FN:14,(anonymous_0)
FN:81,(anonymous_1)
FN:117,(anonymous_2)
FN:157,(anonymous_3)
FN:185,(anonymous_4)
FN:212,(anonymous_5)
FN:239,(anonymous_6)
FN:313,(anonymous_7)
FN:362,(anonymous_8)
FN:390,(anonymous_9)
FN:411,(anonymous_10)
FN:431,(anonymous_11)
FN:467,(anonymous_12)
FNF:13
FNH:0
FNDA:0,(anonymous_0)
FNDA:0,(anonymous_1)
FNDA:0,(anonymous_2)
FNDA:0,(anonymous_3)
FNDA:0,(anonymous_4)
FNDA:0,(anonymous_5)
FNDA:0,(anonymous_6)
FNDA:0,(anonymous_7)
FNDA:0,(anonymous_8)
FNDA:0,(anonymous_9)
FNDA:0,(anonymous_10)
FNDA:0,(anonymous_11)
FNDA:0,(anonymous_12)
DA:1,0
DA:2,0
DA:3,0
DA:4,0
DA:9,0
DA:11,0
DA:14,0
DA:15,0
DA:26,0
DA:28,0
DA:31,0
DA:32,0
DA:33,0
DA:34,0
DA:37,0
DA:38,0
DA:41,0
DA:42,0
DA:45,0
DA:46,0
DA:52,0
DA:53,0
DA:55,0
DA:66,0
DA:75,0
DA:76,0
DA:81,0
DA:82,0
DA:83,0
DA:90,0
DA:91,0
DA:95,0
DA:97,0
DA:100,0
DA:102,0
DA:103,0
DA:108,0
DA:118,0
DA:119,0
DA:120,0
DA:121,0
DA:124,0
DA:125,0
DA:131,0
DA:133,0
DA:137,0
DA:138,0
DA:139,0
DA:143,0
DA:144,0
DA:145,0
DA:149,0
DA:150,0
DA:151,0
DA:152,0
DA:157,0
DA:158,0
DA:159,0
DA:160,0
DA:162,0
DA:163,0
DA:164,0
DA:165,0
DA:166,0
DA:169,0
DA:171,0
DA:176,0
DA:177,0
DA:182,0
DA:186,0
DA:187,0
DA:188,0
DA:189,0
DA:192,0
DA:193,0
DA:194,0
DA:198,0
DA:200,0
DA:204,0
DA:205,0
DA:209,0
DA:210,0
DA:212,0
DA:213,0
DA:214,0
DA:215,0
DA:217,0
DA:218,0
DA:221,0
DA:223,0
DA:228,0
DA:229,0
DA:234,0
DA:240,0
DA:241,0
DA:242,0
DA:243,0
DA:246,0
DA:247,0
DA:248,0
DA:252,0
DA:254,0
DA:257,0
DA:258,0
DA:261,0
DA:262,0
DA:265,0
DA:266,0
DA:273,0
DA:274,0
DA:283,0
DA:286,0
DA:287,0
DA:290,0
DA:291,0
DA:292,0
DA:293,0
DA:296,0
DA:298,0
DA:303,0
DA:304,0
DA:309,0
DA:314,0
DA:315,0
DA:316,0
DA:317,0
DA:320,0
DA:321,0
DA:322,0
DA:326,0
DA:328,0
DA:331,0
DA:334,0
DA:335,0
DA:343,0
DA:346,0
DA:347,0
DA:349,0
DA:351,0
DA:356,0
DA:357,0
DA:362,0
DA:363,0
DA:364,0
DA:367,0
DA:369,0
DA:374,0
DA:382,0
DA:384,0
DA:385,0
DA:390,0
DA:391,0
DA:392,0
DA:394,0
DA:395,0
DA:399,0
DA:401,0
DA:409,0
DA:411,0
DA:412,0
DA:413,0
DA:414,0
DA:421,0
DA:423,0
DA:425,0
DA:426,0
DA:431,0
DA:432,0
DA:433,0
DA:434,0
DA:442,0
DA:443,0
DA:447,0
DA:449,0
DA:454,0
DA:459,0
DA:460,0
DA:465,0
DA:468,0
DA:469,0
DA:470,0
DA:471,0
DA:474,0
DA:475,0
DA:476,0
DA:480,0
DA:482,0
DA:485,0
DA:486,0
DA:489,0
DA:490,0
DA:493,0
DA:495,0
DA:500,0
DA:501,0
DA:505,0
LF:196
LH:0
BRDA:17,0,0,0
BRDA:18,1,0,0
BRDA:24,2,0,0
BRDA:25,3,0,0
BRDA:31,4,0,0
BRDA:31,4,1,0
BRDA:33,5,0,0
BRDA:33,5,1,0
BRDA:37,6,0,0
BRDA:37,6,1,0
BRDA:41,7,0,0
BRDA:41,7,1,0
BRDA:45,8,0,0
BRDA:45,8,1,0
BRDA:45,9,0,0
BRDA:45,9,1,0
BRDA:90,10,0,0
BRDA:90,10,1,0
BRDA:95,11,0,0
BRDA:95,11,1,0
BRDA:95,12,0,0
BRDA:95,12,1,0
BRDA:120,13,0,0
BRDA:120,13,1,0
BRDA:131,14,0,0
BRDA:131,14,1,0
BRDA:131,15,0,0
BRDA:131,15,1,0
BRDA:138,16,0,0
BRDA:138,16,1,0
BRDA:144,17,0,0
BRDA:144,17,1,0
BRDA:149,18,0,0
BRDA:149,18,1,0
BRDA:151,19,0,0
BRDA:151,19,1,0
BRDA:158,20,0,0
BRDA:158,20,1,0
BRDA:159,21,0,0
BRDA:159,21,1,0
BRDA:188,22,0,0
BRDA:188,22,1,0
BRDA:193,23,0,0
BRDA:193,23,1,0
BRDA:198,24,0,0
BRDA:198,24,1,0
BRDA:198,25,0,0
BRDA:198,25,1,0
BRDA:204,26,0,0
BRDA:204,26,1,0
BRDA:209,27,0,0
BRDA:209,27,1,0
BRDA:214,28,0,0
BRDA:214,28,1,0
BRDA:214,29,0,0
BRDA:214,29,1,0
BRDA:215,30,0,0
BRDA:215,30,1,0
BRDA:217,31,0,0
BRDA:217,31,1,0
BRDA:242,32,0,0
BRDA:242,32,1,0
BRDA:247,33,0,0
BRDA:247,33,1,0
BRDA:252,34,0,0
BRDA:252,34,1,0
BRDA:252,35,0,0
BRDA:252,35,1,0
BRDA:257,36,0,0
BRDA:257,36,1,0
BRDA:265,37,0,0
BRDA:265,37,1,0
BRDA:273,38,0,0
BRDA:273,38,1,0
BRDA:286,39,0,0
BRDA:286,39,1,0
BRDA:290,40,0,0
BRDA:290,40,1,0
BRDA:292,41,0,0
BRDA:292,41,1,0
BRDA:316,42,0,0
BRDA:316,42,1,0
BRDA:321,43,0,0
BRDA:321,43,1,0
BRDA:326,44,0,0
BRDA:326,44,1,0
BRDA:326,45,0,0
BRDA:326,45,1,0
BRDA:334,46,0,0
BRDA:334,46,1,0
BRDA:346,47,0,0
BRDA:346,47,1,0
BRDA:347,48,0,0
BRDA:347,48,1,0
BRDA:367,49,0,0
BRDA:367,49,1,0
BRDA:394,50,0,0
BRDA:394,50,1,0
BRDA:394,51,0,0
BRDA:394,51,1,0
BRDA:399,52,0,0
BRDA:399,52,1,0
BRDA:412,53,0,0
BRDA:412,53,1,0
BRDA:413,54,0,0
BRDA:413,54,1,0
BRDA:442,55,0,0
BRDA:442,55,1,0
BRDA:447,56,0,0
BRDA:447,56,1,0
BRDA:447,57,0,0
BRDA:447,57,1,0
BRDA:470,58,0,0
BRDA:470,58,1,0
BRDA:475,59,0,0
BRDA:475,59,1,0
BRDA:480,60,0,0
BRDA:480,60,1,0
BRDA:480,61,0,0
BRDA:480,61,1,0
BRDA:485,62,0,0
BRDA:485,62,1,0
BRDA:490,63,0,0
BRDA:490,63,1,0
BRF:124
BRH:0
end_of_record
TN:
SF:routes\insurance.js
FN:18,(anonymous_0)
FN:25,(anonymous_1)
FN:34,(anonymous_2)
FN:48,(anonymous_3)
FN:121,(anonymous_4)
FN:161,(anonymous_5)
FN:230,(anonymous_6)
FN:250,(anonymous_7)
FN:251,(anonymous_8)
FN:278,(anonymous_9)
FN:329,(anonymous_10)
FN:372,(anonymous_11)
FN:387,(anonymous_12)
FN:417,(anonymous_13)
FN:460,(anonymous_14)
FN:474,(anonymous_15)
FN:476,(anonymous_16)
FN:495,(anonymous_17)
FN:529,(anonymous_18)
FN:556,(anonymous_19)
FN:562,(anonymous_20)
FNF:21
FNH:0
FNDA:0,(anonymous_0)
FNDA:0,(anonymous_1)
FNDA:0,(anonymous_2)
FNDA:0,(anonymous_3)
FNDA:0,(anonymous_4)
FNDA:0,(anonymous_5)
FNDA:0,(anonymous_6)
FNDA:0,(anonymous_7)
FNDA:0,(anonymous_8)
FNDA:0,(anonymous_9)
FNDA:0,(anonymous_10)
FNDA:0,(anonymous_11)
FNDA:0,(anonymous_12)
FNDA:0,(anonymous_13)
FNDA:0,(anonymous_14)
FNDA:0,(anonymous_15)
FNDA:0,(anonymous_16)
FNDA:0,(anonymous_17)
FNDA:0,(anonymous_18)
FNDA:0,(anonymous_19)
FNDA:0,(anonymous_20)
DA:1,0
DA:2,0
DA:3,0
DA:4,0
DA:9,0
DA:10,0
DA:11,0
DA:12,0
DA:14,0
DA:17,0
DA:19,0
DA:20,0
DA:21,0
DA:23,0
DA:26,0
DA:27,0
DA:31,0
DA:35,0
DA:36,0
DA:37,0
DA:39,0
DA:40,0
DA:42,0
DA:48,0
DA:49,0
DA:61,0
DA:63,0
DA:66,0
DA:67,0
DA:68,0
DA:69,0
DA:72,0
DA:73,0
DA:76,0
DA:77,0
DA:80,0
DA:81,0
DA:84,0
DA:85,0
DA:91,0
DA:92,0
DA:94,0
DA:106,0
DA:115,0
DA:116,0
DA:121,0
DA:122,0
DA:123,0
DA:131,0
DA:132,0
DA:136,0
DA:138,0
DA:141,0
DA:143,0
DA:144,0
DA:149,0
DA:162,0
DA:163,0
DA:164,0
DA:165,0
DA:168,0
DA:174,0
DA:176,0
DA:180,0
DA:181,0
DA:182,0
DA:186,0
DA:187,0
DA:188,0
DA:192,0
DA:193,0
DA:194,0
DA:197,0
DA:198,0
DA:202,0
DA:203,0
DA:204,0
DA:215,0
DA:216,0
DA:217,0
DA:219,0
DA:224,0
DA:225,0
DA:230,0
DA:231,0
DA:232,0
DA:233,0
DA:234,0
DA:238,0
DA:240,0
DA:243,0
DA:244,0
DA:248,0
DA:249,0
DA:250,0
DA:251,0
DA:253,0
DA:254,0
DA:260,0
DA:261,0
DA:262,0
DA:264,0
DA:269,0
DA:270,0
DA:275,0
DA:279,0
DA:280,0
DA:281,0
DA:284,0
DA:285,0
DA:286,0
DA:289,0
DA:290,0
DA:291,0
DA:295,0
DA:297,0
DA:301,0
DA:302,0
DA:310,0
DA:311,0
DA:313,0
DA:318,0
DA:319,0
DA:325,0
DA:330,0
DA:331,0
DA:332,0
DA:333,0
DA:336,0
DA:337,0
DA:338,0
DA:342,0
DA:344,0
DA:347,0
DA:348,0
DA:349,0
DA:356,0
DA:357,0
DA:359,0
DA:364,0
DA:365,0
DA:370,0
DA:373,0
DA:374,0
DA:375,0
DA:376,0
DA:380,0
DA:382,0
DA:385,0
DA:386,0
DA:387,0
DA:389,0
DA:390,0
DA:393,0
DA:394,0
DA:395,0
DA:396,0
DA:397,0
DA:398,0
DA:400,0
DA:405,0
DA:406,0
DA:411,0
DA:418,0
DA:419,0
DA:420,0
DA:421,0
DA:424,0
DA:425,0
DA:426,0
DA:430,0
DA:432,0
DA:435,0
DA:436,0
DA:439,0
DA:441,0
DA:442,0
DA:443,0
DA:444,0
DA:445,0
DA:447,0
DA:449,0
DA:454,0
DA:455,0
DA:460,0
DA:461,0
DA:462,0
DA:465,0
DA:467,0
DA:471,0
DA:473,0
DA:474,0
DA:475,0
DA:476,0
DA:477,0
DA:478,0
DA:487,0
DA:489,0
DA:490,0
DA:495,0
DA:496,0
DA:497,0
DA:498,0
DA:500,0
DA:501,0
DA:505,0
DA:507,0
DA:512,0
DA:521,0
DA:523,0
DA:524,0
DA:529,0
DA:530,0
DA:531,0
DA:534,0
DA:536,0
DA:540,0
DA:541,0
DA:547,0
DA:549,0
DA:556,0
DA:558,0
DA:561,0
DA:562,0
DA:563,0
DA:565,0
DA:568,0
DA:570,0
DA:571,0
DA:575,0
LF:230
LH:0
BRDA:20,0,0,0
BRDA:20,0,1,0
BRDA:39,1,0,0
BRDA:39,1,1,0
BRDA:39,2,0,0
BRDA:39,2,1,0
BRDA:51,3,0,0
BRDA:52,4,0,0
BRDA:59,5,0,0
BRDA:60,6,0,0
BRDA:66,7,0,0
BRDA:66,7,1,0
BRDA:68,8,0,0
BRDA:68,8,1,0
BRDA:72,9,0,0
BRDA:72,9,1,0
BRDA:76,10,0,0
BRDA:76,10,1,0
BRDA:80,11,0,0
BRDA:80,11,1,0
BRDA:84,12,0,0
BRDA:84,12,1,0
BRDA:84,13,0,0
BRDA:84,13,1,0
BRDA:131,14,0,0
BRDA:131,14,1,0
BRDA:136,15,0,0
BRDA:136,15,1,0
BRDA:136,16,0,0
BRDA:136,16,1,0
BRDA:164,17,0,0
BRDA:164,17,1,0
BRDA:174,18,0,0
BRDA:174,18,1,0
BRDA:174,19,0,0
BRDA:174,19,1,0
BRDA:181,20,0,0
BRDA:181,20,1,0
BRDA:187,21,0,0
BRDA:187,21,1,0
BRDA:193,22,0,0
BRDA:193,22,1,0
BRDA:197,23,0,0
BRDA:197,23,1,0
BRDA:203,24,0,0
BRDA:203,24,1,0
BRDA:233,25,0,0
BRDA:233,25,1,0
BRDA:238,26,0,0
BRDA:238,26,1,0
BRDA:238,27,0,0
BRDA:238,27,1,0
BRDA:243,28,0,0
BRDA:243,28,1,0
BRDA:249,29,0,0
BRDA:249,29,1,0
BRDA:253,30,0,0
BRDA:253,30,1,0
BRDA:280,31,0,0
BRDA:280,31,1,0
BRDA:285,32,0,0
BRDA:285,32,1,0
BRDA:285,33,0,0
BRDA:285,33,1,0
BRDA:290,34,0,0
BRDA:290,34,1,0
BRDA:295,35,0,0
BRDA:295,35,1,0
BRDA:295,36,0,0
BRDA:295,36,1,0
BRDA:301,37,0,0
BRDA:301,37,1,0
BRDA:332,38,0,0
BRDA:332,38,1,0
BRDA:337,39,0,0
BRDA:337,39,1,0
BRDA:342,40,0,0
BRDA:342,40,1,0
BRDA:342,41,0,0
BRDA:342,41,1,0
BRDA:348,42,0,0
BRDA:348,42,1,0
BRDA:375,43,0,0
BRDA:375,43,1,0
BRDA:380,44,0,0
BRDA:380,44,1,0
BRDA:380,45,0,0
BRDA:380,45,1,0
BRDA:386,46,0,0
BRDA:386,46,1,0
BRDA:389,47,0,0
BRDA:389,47,1,0
BRDA:420,48,0,0
BRDA:420,48,1,0
BRDA:425,49,0,0
BRDA:425,49,1,0
BRDA:430,50,0,0
BRDA:430,50,1,0
BRDA:430,51,0,0
BRDA:430,51,1,0
BRDA:435,52,0,0
BRDA:435,52,1,0
BRDA:442,53,0,0
BRDA:442,53,1,0
BRDA:443,54,0,0
BRDA:443,54,1,0
BRDA:444,55,0,0
BRDA:444,55,1,0
BRDA:445,56,0,0
BRDA:445,56,1,0
BRDA:465,57,0,0
BRDA:465,57,1,0
BRDA:475,58,0,0
BRDA:475,58,1,0
BRDA:477,59,0,0
BRDA:477,59,1,0
BRDA:477,60,0,0
BRDA:477,60,1,0
BRDA:500,61,0,0
BRDA:500,61,1,0
BRDA:505,62,0,0
BRDA:505,62,1,0
BRDA:534,63,0,0
BRDA:534,63,1,0
BRDA:540,64,0,0
BRDA:540,64,1,0
BRDA:540,65,0,0
BRDA:540,65,1,0
BRDA:558,66,0,0
BRDA:558,66,1,0
BRDA:561,67,0,0
BRDA:561,67,1,0
BRDA:563,68,0,0
BRDA:563,68,1,0
BRDA:565,69,0,0
BRDA:565,69,1,0
BRF:136
BRH:0
end_of_record
TN:
SF:routes\patients.js
FN:18,(anonymous_0)
FN:25,(anonymous_1)
FN:34,(anonymous_2)
FN:48,(anonymous_3)
FN:98,(anonymous_4)
FN:132,(anonymous_5)
FN:166,(anonymous_6)
FN:222,(anonymous_7)
FN:273,(anonymous_8)
FN:323,(anonymous_9)
FN:337,(anonymous_10)
FN:365,(anonymous_11)
FN:388,(anonymous_12)
FN:389,(anonymous_13)
FN:408,(anonymous_14)
FN:447,(anonymous_15)
FNF:16
FNH:3
FNDA:0,(anonymous_0)
FNDA:0,(anonymous_1)
FNDA:0,(anonymous_2)
FNDA:2,(anonymous_3)
FNDA:3,(anonymous_4)
FNDA:0,(anonymous_5)
FNDA:2,(anonymous_6)
FNDA:0,(anonymous_7)
FNDA:0,(anonymous_8)
FNDA:0,(anonymous_9)
FNDA:0,(anonymous_10)
FNDA:0,(anonymous_11)
FNDA:0,(anonymous_12)
FNDA:0,(anonymous_13)
FNDA:0,(anonymous_14)
FNDA:0,(anonymous_15)
DA:1,1
DA:2,1
DA:3,1
DA:4,1
DA:9,1
DA:10,1
DA:11,1
DA:12,1
DA:14,1
DA:17,1
DA:19,0
DA:20,0
DA:21,0
DA:23,0
DA:26,0
DA:27,0
DA:31,1
DA:35,0
DA:36,0
DA:37,0
DA:39,0
DA:40,0
DA:42,0
DA:48,1
DA:49,2
DA:58,2
DA:60,2
DA:63,2
DA:64,2
DA:65,0
DA:66,0
DA:69,2
DA:70,0
DA:74,2
DA:75,1
DA:84,2
DA:85,2
DA:87,2
DA:98,3
DA:117,2
DA:126,0
DA:127,0
DA:132,1
DA:133,0
DA:134,0
DA:140,0
DA:141,0
DA:145,0
DA:147,0
DA:150,0
DA:152,0
DA:153,0
DA:158,1
DA:167,2
DA:168,2
DA:169,2
DA:170,1
DA:173,1
DA:176,1
DA:178,0
DA:182,1
DA:186,1
DA:187,0
DA:198,1
DA:199,1
DA:200,0
DA:204,1
DA:206,1
DA:211,0
DA:212,0
DA:217,1
DA:223,0
DA:224,0
DA:225,0
DA:226,0
DA:229,0
DA:230,0
DA:231,0
DA:235,0
DA:237,0
DA:241,0
DA:242,0
DA:249,0
DA:250,0
DA:257,0
DA:259,0
DA:264,0
DA:265,0
DA:270,1
DA:274,0
DA:275,0
DA:276,0
DA:279,0
DA:280,0
DA:281,0
DA:284,0
DA:285,0
DA:286,0
DA:290,0
DA:292,0
DA:296,0
DA:297,0
DA:305,0
DA:306,0
DA:307,0
DA:309,0
DA:314,0
DA:315,0
DA:321,1
DA:324,0
DA:325,0
DA:326,0
DA:327,0
DA:331,0
DA:333,0
DA:336,0
DA:337,0
DA:339,0
DA:340,0
DA:343,0
DA:346,0
DA:347,0
DA:348,0
DA:352,0
DA:353,0
DA:354,0
DA:356,0
DA:358,0
DA:359,0
DA:365,1
DA:366,0
DA:367,0
DA:368,0
DA:369,0
DA:373,0
DA:375,0
DA:378,0
DA:381,0
DA:382,0
DA:387,0
DA:388,0
DA:389,0
DA:390,0
DA:392,0
DA:400,0
DA:402,0
DA:403,0
DA:408,1
DA:409,0
DA:410,0
DA:412,0
DA:413,0
DA:416,0
DA:426,0
DA:427,0
DA:430,0
DA:437,0
DA:439,0
DA:440,0
DA:445,1
DA:448,0
DA:449,0
DA:450,0
DA:451,0
DA:454,0
DA:455,0
DA:456,0
DA:460,0
DA:462,0
DA:465,0
DA:466,0
DA:468,0
DA:473,0
DA:474,0
DA:478,1
LF:175
LH:46
BRDA:20,0,0,0
BRDA:20,0,1,0
BRDA:39,1,0,0
BRDA:39,1,1,0
BRDA:39,2,0,0
BRDA:39,2,1,0
BRDA:51,3,0,1
BRDA:52,4,0,1
BRDA:56,5,0,2
BRDA:57,6,0,2
BRDA:63,7,0,2
BRDA:63,7,1,0
BRDA:65,8,0,0
BRDA:65,8,1,0
BRDA:69,9,0,0
BRDA:69,9,1,2
BRDA:74,10,0,1
BRDA:74,10,1,1
BRDA:140,11,0,0
BRDA:140,11,1,0
BRDA:145,12,0,0
BRDA:145,12,1,0
BRDA:145,13,0,0
BRDA:145,13,1,0
BRDA:169,14,0,1
BRDA:169,14,1,1
BRDA:176,15,0,0
BRDA:176,15,1,1
BRDA:176,16,0,1
BRDA:176,16,1,1
BRDA:186,17,0,0
BRDA:186,17,1,1
BRDA:199,18,0,0
BRDA:199,18,1,1
BRDA:225,19,0,0
BRDA:225,19,1,0
BRDA:230,20,0,0
BRDA:230,20,1,0
BRDA:235,21,0,0
BRDA:235,21,1,0
BRDA:235,22,0,0
BRDA:235,22,1,0
BRDA:241,23,0,0
BRDA:241,23,1,0
BRDA:241,24,0,0
BRDA:241,24,1,0
BRDA:249,25,0,0
BRDA:249,25,1,0
BRDA:275,26,0,0
BRDA:275,26,1,0
BRDA:280,27,0,0
BRDA:280,27,1,0
BRDA:280,28,0,0
BRDA:280,28,1,0
BRDA:285,29,0,0
BRDA:285,29,1,0
BRDA:290,30,0,0
BRDA:290,30,1,0
BRDA:290,31,0,0
BRDA:290,31,1,0
BRDA:296,32,0,0
BRDA:296,32,1,0
BRDA:326,33,0,0
BRDA:326,33,1,0
BRDA:331,34,0,0
BRDA:331,34,1,0
BRDA:331,35,0,0
BRDA:331,35,1,0
BRDA:336,36,0,0
BRDA:336,36,1,0
BRDA:339,37,0,0
BRDA:339,37,1,0
BRDA:347,38,0,0
BRDA:347,38,1,0
BRDA:368,39,0,0
BRDA:368,39,1,0
BRDA:373,40,0,0
BRDA:373,40,1,0
BRDA:373,41,0,0
BRDA:373,41,1,0
BRDA:388,42,0,0
BRDA:388,42,1,0
BRDA:389,43,0,0
BRDA:389,43,1,0
BRDA:410,44,0,0
BRDA:412,45,0,0
BRDA:412,45,1,0
BRDA:412,46,0,0
BRDA:412,46,1,0
BRDA:426,47,0,0
BRDA:426,47,1,0
BRDA:450,48,0,0
BRDA:450,48,1,0
BRDA:455,49,0,0
BRDA:455,49,1,0
BRDA:460,50,0,0
BRDA:460,50,1,0
BRDA:460,51,0,0
BRDA:460,51,1,0
BRF:99
BRH:15
end_of_record
TN:
SF:routes\reports.js
FN:14,(anonymous_0)
FN:64,(anonymous_1)
FN:88,(anonymous_2)
FN:120,(anonymous_3)
FN:147,(anonymous_4)
FN:176,(anonymous_5)
FN:201,(anonymous_6)
FN:230,(anonymous_7)
FN:252,(anonymous_8)
FN:281,(anonymous_9)
FN:305,(anonymous_10)
FN:310,(anonymous_11)
FN:313,(anonymous_12)
FN:323,(anonymous_13)
FNF:14
FNH:0
FNDA:0,(anonymous_0)
FNDA:0,(anonymous_1)
FNDA:0,(anonymous_2)
FNDA:0,(anonymous_3)
FNDA:0,(anonymous_4)
FNDA:0,(anonymous_5)
FNDA:0,(anonymous_6)
FNDA:0,(anonymous_7)
FNDA:0,(anonymous_8)
FNDA:0,(anonymous_9)
FNDA:0,(anonymous_10)
FNDA:0,(anonymous_11)
FNDA:0,(anonymous_12)
FNDA:0,(anonymous_13)
DA:1,0
DA:2,0
DA:3,0
DA:4,0
DA:9,0
DA:11,0
DA:14,0
DA:15,0
DA:16,0
DA:19,0
DA:21,0
DA:22,0
DA:23,0
DA:36,0
DA:44,0
DA:53,0
DA:54,0
DA:59,0
DA:65,0
DA:66,0
DA:67,0
DA:68,0
DA:71,0
DA:74,0
DA:76,0
DA:87,0
DA:88,0
DA:89,0
DA:91,0
DA:92,0
DA:93,0
DA:94,0
DA:95,0
DA:97,0
DA:100,0
DA:101,0
DA:103,0
DA:104,0
DA:105,0
DA:108,0
DA:110,0
DA:111,0
DA:116,0
DA:121,0
DA:122,0
DA:123,0
DA:124,0
DA:127,0
DA:130,0
DA:132,0
DA:146,0
DA:147,0
DA:148,0
DA:149,0
DA:150,0
DA:151,0
DA:158,0
DA:159,0
DA:160,0
DA:163,0
DA:165,0
DA:166,0
DA:171,0
DA:177,0
DA:178,0
DA:179,0
DA:180,0
DA:183,0
DA:186,0
DA:188,0
DA:200,0
DA:201,0
DA:202,0
DA:204,0
DA:205,0
DA:206,0
DA:207,0
DA:208,0
DA:210,0
DA:213,0
DA:214,0
DA:216,0
DA:217,0
DA:220,0
DA:222,0
DA:223,0
DA:228,0
DA:231,0
DA:232,0
DA:233,0
DA:234,0
DA:237,0
DA:240,0
DA:242,0
DA:246,0
DA:252,0
DA:254,0
DA:255,0
DA:256,0
DA:260,0
DA:261,0
DA:262,0
DA:263,0
DA:264,0
DA:265,0
DA:269,0
DA:271,0
DA:272,0
DA:277,0
DA:282,0
DA:283,0
DA:284,0
DA:285,0
DA:288,0
DA:291,0
DA:293,0
DA:304,0
DA:305,0
DA:306,0
DA:307,0
DA:310,0
DA:313,0
DA:315,0
DA:317,0
DA:318,0
DA:323,0
DA:324,0
DA:325,0
DA:326,0
DA:328,0
DA:329,0
DA:332,0
DA:333,0
DA:337,0
DA:341,0
DA:343,0
DA:350,0
DA:351,0
DA:357,0
LF:139
LH:0
BRDA:19,0,0,0
BRDA:19,0,1,0
BRDA:22,1,0,0
BRDA:22,1,1,0
BRDA:22,2,0,0
BRDA:22,2,1,0
BRDA:48,3,0,0
BRDA:48,3,1,0
BRDA:67,4,0,0
BRDA:67,4,1,0
BRDA:71,5,0,0
BRDA:74,6,0,0
BRDA:74,6,1,0
BRDA:91,7,0,0
BRDA:91,7,1,0
BRDA:93,8,0,0
BRDA:93,8,1,0
BRDA:100,9,0,0
BRDA:100,9,1,0
BRDA:104,10,0,0
BRDA:104,10,1,0
BRDA:105,11,0,0
BRDA:105,11,1,0
BRDA:123,12,0,0
BRDA:123,12,1,0
BRDA:130,13,0,0
BRDA:130,13,1,0
BRDA:148,14,0,0
BRDA:148,14,1,0
BRDA:150,15,0,0
BRDA:150,15,1,0
BRDA:159,16,0,0
BRDA:159,16,1,0
BRDA:160,17,0,0
BRDA:160,17,1,0
BRDA:179,18,0,0
BRDA:179,18,1,0
BRDA:183,19,0,0
BRDA:186,20,0,0
BRDA:186,20,1,0
BRDA:204,21,0,0
BRDA:204,21,1,0
BRDA:206,22,0,0
BRDA:206,22,1,0
BRDA:213,23,0,0
BRDA:213,23,1,0
BRDA:216,24,0,0
BRDA:216,24,1,0
BRDA:233,25,0,0
BRDA:233,25,1,0
BRDA:240,26,0,0
BRDA:240,26,1,0
BRDA:255,27,0,0
BRDA:255,27,1,0
BRDA:260,28,0,0
BRDA:260,28,1,0
BRDA:262,29,0,0
BRDA:262,29,1,0
BRDA:263,30,0,0
BRDA:263,30,1,0
BRDA:264,31,0,0
BRDA:264,31,1,0
BRDA:284,32,0,0
BRDA:284,32,1,0
BRDA:291,33,0,0
BRDA:291,33,1,0
BRDA:307,34,0,0
BRDA:307,34,1,0
BRDA:326,35,0,0
BRDA:328,36,0,0
BRDA:328,36,1,0
BRDA:332,37,0,0
BRDA:332,37,1,0
BRDA:337,38,0,0
BRDA:337,38,1,0
BRF:75
BRH:0
end_of_record
